{"C:\\workspace\\lumia-ops\\client\\src\\api\\auth.ts": {"path":"C:\\workspace\\lumia-ops\\client\\src\\api\\auth.ts","statementMap":{"0":{"start":{"line":81,"column":23},"end":{"line":139,"column":null}},"1":{"start":{"line":87,"column":25},"end":{"line":87,"column":null}},"2":{"start":{"line":88,"column":8},"end":{"line":88,"column":null}},"3":{"start":{"line":96,"column":25},"end":{"line":96,"column":null}},"4":{"start":{"line":97,"column":8},"end":{"line":97,"column":null}},"5":{"start":{"line":104,"column":25},"end":{"line":104,"column":null}},"6":{"start":{"line":105,"column":8},"end":{"line":105,"column":null}},"7":{"start":{"line":112,"column":25},"end":{"line":112,"column":null}},"8":{"start":{"line":113,"column":8},"end":{"line":113,"column":null}},"9":{"start":{"line":120,"column":25},"end":{"line":120,"column":null}},"10":{"start":{"line":121,"column":8},"end":{"line":121,"column":null}},"11":{"start":{"line":128,"column":8},"end":{"line":128,"column":null}},"12":{"start":{"line":136,"column":25},"end":{"line":136,"column":null}},"13":{"start":{"line":137,"column":8},"end":{"line":137,"column":null}}},"fnMap":{"0":{"name":"(anonymous_0)","decl":{"start":{"line":86,"column":10},"end":{"line":86,"column":19}},"loc":{"start":{"line":86,"column":68},"end":{"line":89,"column":null}},"line":86},"1":{"name":"(anonymous_1)","decl":{"start":{"line":95,"column":10},"end":{"line":95,"column":16}},"loc":{"start":{"line":95,"column":60},"end":{"line":98,"column":null}},"line":95},"2":{"name":"(anonymous_2)","decl":{"start":{"line":103,"column":10},"end":{"line":103,"column":22}},"loc":{"start":{"line":103,"column":63},"end":{"line":106,"column":null}},"line":103},"3":{"name":"(anonymous_3)","decl":{"start":{"line":111,"column":10},"end":{"line":111,"column":29}},"loc":{"start":{"line":111,"column":70},"end":{"line":114,"column":null}},"line":111},"4":{"name":"(anonymous_4)","decl":{"start":{"line":119,"column":10},"end":{"line":119,"column":23}},"loc":{"start":{"line":119,"column":69},"end":{"line":122,"column":null}},"line":119},"5":{"name":"(anonymous_5)","decl":{"start":{"line":127,"column":10},"end":{"line":127,"column":34}},"loc":{"start":{"line":127,"column":34},"end":{"line":129,"column":null}},"line":127},"6":{"name":"(anonymous_6)","decl":{"start":{"line":135,"column":10},"end":{"line":135,"column":23}},"loc":{"start":{"line":135,"column":69},"end":{"line":138,"column":null}},"line":135}},"branchMap":{},"s":{"0":1,"1":1,"2":1,"3":2,"4":2,"5":1,"6":1,"7":1,"8":1,"9":2,"10":2,"11":1,"12":1,"13":1},"f":{"0":1,"1":2,"2":1,"3":1,"4":2,"5":1,"6":1},"b":{},"meta":{"lastBranch":0,"lastFunction":7,"lastStatement":14,"seen":{"s:81:23:139:Infinity":0,"f:86:10:86:19":0,"s:87:25:87:Infinity":1,"s:88:8:88:Infinity":2,"f:95:10:95:16":1,"s:96:25:96:Infinity":3,"s:97:8:97:Infinity":4,"f:103:10:103:22":2,"s:104:25:104:Infinity":5,"s:105:8:105:Infinity":6,"f:111:10:111:29":3,"s:112:25:112:Infinity":7,"s:113:8:113:Infinity":8,"f:119:10:119:23":4,"s:120:25:120:Infinity":9,"s:121:8:121:Infinity":10,"f:127:10:127:34":5,"s:128:8:128:Infinity":11,"f:135:10:135:23":6,"s:136:25:136:Infinity":12,"s:137:8:137:Infinity":13}}}
,"C:\\workspace\\lumia-ops\\client\\src\\api\\client.ts": {"path":"C:\\workspace\\lumia-ops\\client\\src\\api\\client.ts","statementMap":{"0":{"start":{"line":13,"column":33},"end":{"line":19,"column":null}},"1":{"start":{"line":22,"column":19},"end":{"line":22,"column":null}},"2":{"start":{"line":23,"column":54},"end":{"line":23,"column":null}},"3":{"start":{"line":26,"column":2},"end":{"line":26,"column":null}},"4":{"start":{"line":30,"column":2},"end":{"line":30,"column":null}},"5":{"start":{"line":30,"column":35},"end":{"line":30,"column":44}},"6":{"start":{"line":31,"column":2},"end":{"line":31,"column":null}},"7":{"start":{"line":35,"column":23},"end":{"line":35,"column":null}},"8":{"start":{"line":36,"column":2},"end":{"line":36,"column":null}},"9":{"start":{"line":36,"column":21},"end":{"line":36,"column":null}},"10":{"start":{"line":38,"column":2},"end":{"line":53,"column":null}},"11":{"start":{"line":39,"column":21},"end":{"line":42,"column":null}},"12":{"start":{"line":44,"column":53},"end":{"line":44,"column":null}},"13":{"start":{"line":45,"column":4},"end":{"line":45,"column":null}},"14":{"start":{"line":46,"column":4},"end":{"line":46,"column":null}},"15":{"start":{"line":47,"column":4},"end":{"line":47,"column":null}},"16":{"start":{"line":50,"column":4},"end":{"line":50,"column":null}},"17":{"start":{"line":51,"column":4},"end":{"line":51,"column":null}},"18":{"start":{"line":52,"column":4},"end":{"line":52,"column":null}},"19":{"start":{"line":56,"column":0},"end":{"line":98,"column":null}},"20":{"start":{"line":58,"column":16},"end":{"line":58,"column":null}},"21":{"start":{"line":60,"column":4},"end":{"line":91,"column":null}},"22":{"start":{"line":62,"column":6},"end":{"line":88,"column":null}},"23":{"start":{"line":63,"column":8},"end":{"line":63,"column":null}},"24":{"start":{"line":65,"column":8},"end":{"line":87,"column":null}},"25":{"start":{"line":66,"column":10},"end":{"line":66,"column":null}},"26":{"start":{"line":67,"column":27},"end":{"line":67,"column":null}},"27":{"start":{"line":68,"column":10},"end":{"line":68,"column":null}},"28":{"start":{"line":70,"column":10},"end":{"line":82,"column":null}},"29":{"start":{"line":71,"column":12},"end":{"line":71,"column":null}},"30":{"start":{"line":72,"column":12},"end":{"line":72,"column":null}},"31":{"start":{"line":73,"column":12},"end":{"line":73,"column":null}},"32":{"start":{"line":75,"column":12},"end":{"line":75,"column":null}},"33":{"start":{"line":76,"column":12},"end":{"line":76,"column":null}},"34":{"start":{"line":77,"column":12},"end":{"line":81,"column":null}},"35":{"start":{"line":85,"column":10},"end":{"line":85,"column":null}},"36":{"start":{"line":85,"column":47},"end":{"line":85,"column":77}},"37":{"start":{"line":86,"column":10},"end":{"line":86,"column":null}},"38":{"start":{"line":90,"column":6},"end":{"line":90,"column":null}},"39":{"start":{"line":92,"column":4},"end":{"line":92,"column":null}},"40":{"start":{"line":95,"column":4},"end":{"line":95,"column":null}},"41":{"start":{"line":96,"column":4},"end":{"line":96,"column":null}},"42":{"start":{"line":101,"column":0},"end":{"line":167,"column":null}},"43":{"start":{"line":102,"column":16},"end":{"line":102,"column":null}},"44":{"start":{"line":104,"column":19},"end":{"line":104,"column":null}},"45":{"start":{"line":105,"column":17},"end":{"line":105,"column":null}},"46":{"start":{"line":108,"column":4},"end":{"line":124,"column":null}},"47":{"start":{"line":109,"column":6},"end":{"line":116,"column":null}},"48":{"start":{"line":110,"column":8},"end":{"line":110,"column":null}},"49":{"start":{"line":111,"column":8},"end":{"line":115,"column":null}},"50":{"start":{"line":118,"column":6},"end":{"line":118,"column":null}},"51":{"start":{"line":119,"column":6},"end":{"line":123,"column":null}},"52":{"start":{"line":127,"column":4},"end":{"line":158,"column":null}},"53":{"start":{"line":129,"column":8},"end":{"line":129,"column":null}},"54":{"start":{"line":130,"column":8},"end":{"line":130,"column":null}},"55":{"start":{"line":132,"column":8},"end":{"line":132,"column":null}},"56":{"start":{"line":133,"column":8},"end":{"line":133,"column":null}},"57":{"start":{"line":135,"column":8},"end":{"line":137,"column":null}},"58":{"start":{"line":136,"column":10},"end":{"line":136,"column":null}},"59":{"start":{"line":138,"column":8},"end":{"line":138,"column":null}},"60":{"start":{"line":140,"column":8},"end":{"line":140,"column":null}},"61":{"start":{"line":141,"column":8},"end":{"line":141,"column":null}},"62":{"start":{"line":143,"column":8},"end":{"line":143,"column":null}},"63":{"start":{"line":144,"column":8},"end":{"line":144,"column":null}},"64":{"start":{"line":146,"column":8},"end":{"line":146,"column":null}},"65":{"start":{"line":147,"column":8},"end":{"line":147,"column":null}},"66":{"start":{"line":149,"column":8},"end":{"line":149,"column":null}},"67":{"start":{"line":150,"column":8},"end":{"line":150,"column":null}},"68":{"start":{"line":154,"column":8},"end":{"line":154,"column":null}},"69":{"start":{"line":155,"column":8},"end":{"line":155,"column":null}},"70":{"start":{"line":157,"column":8},"end":{"line":157,"column":null}},"71":{"start":{"line":161,"column":4},"end":{"line":165,"column":null}},"72":{"start":{"line":171,"column":2},"end":{"line":182,"column":null}},"73":{"start":{"line":172,"column":14},"end":{"line":172,"column":null}},"74":{"start":{"line":173,"column":14},"end":{"line":173,"column":null}},"75":{"start":{"line":174,"column":14},"end":{"line":174,"column":null}},"76":{"start":{"line":175,"column":14},"end":{"line":175,"column":null}},"77":{"start":{"line":176,"column":14},"end":{"line":176,"column":null}},"78":{"start":{"line":177,"column":14},"end":{"line":177,"column":null}},"79":{"start":{"line":178,"column":14},"end":{"line":178,"column":null}},"80":{"start":{"line":179,"column":14},"end":{"line":179,"column":null}},"81":{"start":{"line":180,"column":14},"end":{"line":180,"column":null}},"82":{"start":{"line":181,"column":13},"end":{"line":181,"column":null}}},"fnMap":{"0":{"name":"subscribeTokenRefresh","decl":{"start":{"line":25,"column":9},"end":{"line":25,"column":31}},"loc":{"start":{"line":25,"column":60},"end":{"line":27,"column":null}},"line":25},"1":{"name":"onTokenRefreshed","decl":{"start":{"line":29,"column":9},"end":{"line":29,"column":26}},"loc":{"start":{"line":29,"column":41},"end":{"line":32,"column":null}},"line":29},"2":{"name":"(anonymous_2)","decl":{"start":{"line":30,"column":29},"end":{"line":30,"column":35}},"loc":{"start":{"line":30,"column":35},"end":{"line":30,"column":44}},"line":30},"3":{"name":"refreshAccessToken","decl":{"start":{"line":34,"column":15},"end":{"line":34,"column":60}},"loc":{"start":{"line":34,"column":60},"end":{"line":54,"column":null}},"line":34},"4":{"name":"(anonymous_4)","decl":{"start":{"line":57,"column":2},"end":{"line":57,"column":9}},"loc":{"start":{"line":57,"column":48},"end":{"line":93,"column":null}},"line":57},"5":{"name":"(anonymous_5)","decl":{"start":{"line":85,"column":36},"end":{"line":85,"column":47}},"loc":{"start":{"line":85,"column":47},"end":{"line":85,"column":77}},"line":85},"6":{"name":"(anonymous_6)","decl":{"start":{"line":94,"column":2},"end":{"line":94,"column":3}},"loc":{"start":{"line":94,"column":13},"end":{"line":97,"column":null}},"line":94},"7":{"name":"(anonymous_7)","decl":{"start":{"line":102,"column":2},"end":{"line":102,"column":3}},"loc":{"start":{"line":102,"column":16},"end":{"line":102,"column":null}},"line":102},"8":{"name":"(anonymous_8)","decl":{"start":{"line":103,"column":2},"end":{"line":103,"column":3}},"loc":{"start":{"line":103,"column":25},"end":{"line":166,"column":null}},"line":103},"9":{"name":"getDefaultErrorMessage","decl":{"start":{"line":170,"column":9},"end":{"line":170,"column":32}},"loc":{"start":{"line":170,"column":57},"end":{"line":183,"column":null}},"line":170}},"branchMap":{"0":{"loc":{"start":{"line":14,"column":11},"end":{"line":14,"column":null}},"type":"binary-expr","locations":[{"start":{"line":14,"column":11},"end":{"line":14,"column":43}},{"start":{"line":14,"column":43},"end":{"line":14,"column":null}}],"line":14},"1":{"loc":{"start":{"line":36,"column":2},"end":{"line":36,"column":null}},"type":"if","locations":[{"start":{"line":36,"column":2},"end":{"line":36,"column":null}},{"start":{},"end":{}}],"line":36},"2":{"loc":{"start":{"line":40,"column":9},"end":{"line":40,"column":68}},"type":"binary-expr","locations":[{"start":{"line":40,"column":9},"end":{"line":40,"column":41}},{"start":{"line":40,"column":41},"end":{"line":40,"column":68}}],"line":40},"3":{"loc":{"start":{"line":60,"column":4},"end":{"line":91,"column":null}},"type":"if","locations":[{"start":{"line":60,"column":4},"end":{"line":91,"column":null}},{"start":{},"end":{}}],"line":60},"4":{"loc":{"start":{"line":62,"column":6},"end":{"line":88,"column":null}},"type":"if","locations":[{"start":{"line":62,"column":6},"end":{"line":88,"column":null}},{"start":{},"end":{}}],"line":62},"5":{"loc":{"start":{"line":65,"column":8},"end":{"line":87,"column":null}},"type":"if","locations":[{"start":{"line":65,"column":8},"end":{"line":87,"column":null}},{"start":{"line":83,"column":15},"end":{"line":87,"column":null}}],"line":65},"6":{"loc":{"start":{"line":70,"column":10},"end":{"line":82,"column":null}},"type":"if","locations":[{"start":{"line":70,"column":10},"end":{"line":82,"column":null}},{"start":{"line":74,"column":17},"end":{"line":82,"column":null}}],"line":70},"7":{"loc":{"start":{"line":108,"column":4},"end":{"line":124,"column":null}},"type":"if","locations":[{"start":{"line":108,"column":4},"end":{"line":124,"column":null}},{"start":{},"end":{}}],"line":108},"8":{"loc":{"start":{"line":109,"column":6},"end":{"line":116,"column":null}},"type":"if","locations":[{"start":{"line":109,"column":6},"end":{"line":116,"column":null}},{"start":{},"end":{}}],"line":109},"9":{"loc":{"start":{"line":127,"column":4},"end":{"line":158,"column":null}},"type":"switch","locations":[{"start":{"line":128,"column":6},"end":{"line":130,"column":null}},{"start":{"line":131,"column":6},"end":{"line":138,"column":null}},{"start":{"line":139,"column":6},"end":{"line":141,"column":null}},{"start":{"line":142,"column":6},"end":{"line":144,"column":null}},{"start":{"line":145,"column":6},"end":{"line":147,"column":null}},{"start":{"line":148,"column":6},"end":{"line":150,"column":null}},{"start":{"line":151,"column":6},"end":{"line":151,"column":null}},{"start":{"line":152,"column":6},"end":{"line":152,"column":null}},{"start":{"line":153,"column":6},"end":{"line":155,"column":null}},{"start":{"line":156,"column":6},"end":{"line":157,"column":null}}],"line":127},"10":{"loc":{"start":{"line":135,"column":8},"end":{"line":137,"column":null}},"type":"if","locations":[{"start":{"line":135,"column":8},"end":{"line":137,"column":null}},{"start":{},"end":{}}],"line":135},"11":{"loc":{"start":{"line":162,"column":14},"end":{"line":162,"column":null}},"type":"binary-expr","locations":[{"start":{"line":162,"column":14},"end":{"line":162,"column":24}},{"start":{"line":162,"column":24},"end":{"line":162,"column":null}}],"line":162},"12":{"loc":{"start":{"line":163,"column":16},"end":{"line":163,"column":null}},"type":"binary-expr","locations":[{"start":{"line":163,"column":16},"end":{"line":163,"column":44}},{"start":{"line":163,"column":44},"end":{"line":163,"column":null}}],"line":163},"13":{"loc":{"start":{"line":164,"column":13},"end":{"line":164,"column":null}},"type":"binary-expr","locations":[{"start":{"line":164,"column":13},"end":{"line":164,"column":38}},{"start":{"line":164,"column":38},"end":{"line":164,"column":null}}],"line":164},"14":{"loc":{"start":{"line":171,"column":2},"end":{"line":182,"column":null}},"type":"switch","locations":[{"start":{"line":172,"column":4},"end":{"line":172,"column":null}},{"start":{"line":173,"column":4},"end":{"line":173,"column":null}},{"start":{"line":174,"column":4},"end":{"line":174,"column":null}},{"start":{"line":175,"column":4},"end":{"line":175,"column":null}},{"start":{"line":176,"column":4},"end":{"line":176,"column":null}},{"start":{"line":177,"column":4},"end":{"line":177,"column":null}},{"start":{"line":178,"column":4},"end":{"line":178,"column":null}},{"start":{"line":179,"column":4},"end":{"line":179,"column":null}},{"start":{"line":180,"column":4},"end":{"line":180,"column":null}},{"start":{"line":181,"column":4},"end":{"line":181,"column":null}}],"line":171}},"s":{"0":1,"1":1,"2":1,"3":0,"4":0,"5":0,"6":0,"7":0,"8":0,"9":0,"10":0,"11":0,"12":0,"13":0,"14":0,"15":0,"16":0,"17":0,"18":0,"19":1,"20":0,"21":0,"22":0,"23":0,"24":0,"25":0,"26":0,"27":0,"28":0,"29":0,"30":0,"31":0,"32":0,"33":0,"34":0,"35":0,"36":0,"37":0,"38":0,"39":0,"40":0,"41":0,"42":1,"43":0,"44":0,"45":0,"46":0,"47":0,"48":0,"49":0,"50":0,"51":0,"52":0,"53":0,"54":0,"55":0,"56":0,"57":0,"58":0,"59":0,"60":0,"61":0,"62":0,"63":0,"64":0,"65":0,"66":0,"67":0,"68":0,"69":0,"70":0,"71":0,"72":0,"73":0,"74":0,"75":0,"76":0,"77":0,"78":0,"79":0,"80":0,"81":0,"82":0},"f":{"0":0,"1":0,"2":0,"3":0,"4":0,"5":0,"6":0,"7":0,"8":0,"9":0},"b":{"0":[1,1],"1":[0,0],"2":[0,0],"3":[0,0],"4":[0,0],"5":[0,0],"6":[0,0],"7":[0,0],"8":[0,0],"9":[0,0,0,0,0,0,0,0,0,0],"10":[0,0],"11":[0,0],"12":[0,0],"13":[0,0],"14":[0,0,0,0,0,0,0,0,0,0]},"meta":{"lastBranch":15,"lastFunction":10,"lastStatement":83,"seen":{"s:13:33:19:Infinity":0,"b:14:11:14:43:14:43:14:Infinity":0,"s:22:19:22:Infinity":1,"s:23:54:23:Infinity":2,"f:25:9:25:31":0,"s:26:2:26:Infinity":3,"f:29:9:29:26":1,"s:30:2:30:Infinity":4,"f:30:29:30:35":2,"s:30:35:30:44":5,"s:31:2:31:Infinity":6,"f:34:15:34:60":3,"s:35:23:35:Infinity":7,"b:36:2:36:Infinity:undefined:undefined:undefined:undefined":1,"s:36:2:36:Infinity":8,"s:36:21:36:Infinity":9,"s:38:2:53:Infinity":10,"s:39:21:42:Infinity":11,"b:40:9:40:41:40:41:40:68":2,"s:44:53:44:Infinity":12,"s:45:4:45:Infinity":13,"s:46:4:46:Infinity":14,"s:47:4:47:Infinity":15,"s:50:4:50:Infinity":16,"s:51:4:51:Infinity":17,"s:52:4:52:Infinity":18,"s:56:0:98:Infinity":19,"f:57:2:57:9":4,"s:58:16:58:Infinity":20,"b:60:4:91:Infinity:undefined:undefined:undefined:undefined":3,"s:60:4:91:Infinity":21,"b:62:6:88:Infinity:undefined:undefined:undefined:undefined":4,"s:62:6:88:Infinity":22,"s:63:8:63:Infinity":23,"b:65:8:87:Infinity:83:15:87:Infinity":5,"s:65:8:87:Infinity":24,"s:66:10:66:Infinity":25,"s:67:27:67:Infinity":26,"s:68:10:68:Infinity":27,"b:70:10:82:Infinity:74:17:82:Infinity":6,"s:70:10:82:Infinity":28,"s:71:12:71:Infinity":29,"s:72:12:72:Infinity":30,"s:73:12:73:Infinity":31,"s:75:12:75:Infinity":32,"s:76:12:76:Infinity":33,"s:77:12:81:Infinity":34,"s:85:10:85:Infinity":35,"f:85:36:85:47":5,"s:85:47:85:77":36,"s:86:10:86:Infinity":37,"s:90:6:90:Infinity":38,"s:92:4:92:Infinity":39,"f:94:2:94:3":6,"s:95:4:95:Infinity":40,"s:96:4:96:Infinity":41,"s:101:0:167:Infinity":42,"f:102:2:102:3":7,"s:102:16:102:Infinity":43,"f:103:2:103:3":8,"s:104:19:104:Infinity":44,"s:105:17:105:Infinity":45,"b:108:4:124:Infinity:undefined:undefined:undefined:undefined":7,"s:108:4:124:Infinity":46,"b:109:6:116:Infinity:undefined:undefined:undefined:undefined":8,"s:109:6:116:Infinity":47,"s:110:8:110:Infinity":48,"s:111:8:115:Infinity":49,"s:118:6:118:Infinity":50,"s:119:6:123:Infinity":51,"b:128:6:130:Infinity:131:6:138:Infinity:139:6:141:Infinity:142:6:144:Infinity:145:6:147:Infinity:148:6:150:Infinity:151:6:151:Infinity:152:6:152:Infinity:153:6:155:Infinity:156:6:157:Infinity":9,"s:127:4:158:Infinity":52,"s:129:8:129:Infinity":53,"s:130:8:130:Infinity":54,"s:132:8:132:Infinity":55,"s:133:8:133:Infinity":56,"b:135:8:137:Infinity:undefined:undefined:undefined:undefined":10,"s:135:8:137:Infinity":57,"s:136:10:136:Infinity":58,"s:138:8:138:Infinity":59,"s:140:8:140:Infinity":60,"s:141:8:141:Infinity":61,"s:143:8:143:Infinity":62,"s:144:8:144:Infinity":63,"s:146:8:146:Infinity":64,"s:147:8:147:Infinity":65,"s:149:8:149:Infinity":66,"s:150:8:150:Infinity":67,"s:154:8:154:Infinity":68,"s:155:8:155:Infinity":69,"s:157:8:157:Infinity":70,"s:161:4:165:Infinity":71,"b:162:14:162:24:162:24:162:Infinity":11,"b:163:16:163:44:163:44:163:Infinity":12,"b:164:13:164:38:164:38:164:Infinity":13,"f:170:9:170:32":9,"b:172:4:172:Infinity:173:4:173:Infinity:174:4:174:Infinity:175:4:175:Infinity:176:4:176:Infinity:177:4:177:Infinity:178:4:178:Infinity:179:4:179:Infinity:180:4:180:Infinity:181:4:181:Infinity":14,"s:171:2:182:Infinity":72,"s:172:14:172:Infinity":73,"s:173:14:173:Infinity":74,"s:174:14:174:Infinity":75,"s:175:14:175:Infinity":76,"s:176:14:176:Infinity":77,"s:177:14:177:Infinity":78,"s:178:14:178:Infinity":79,"s:179:14:179:Infinity":80,"s:180:14:180:Infinity":81,"s:181:13:181:Infinity":82}}}
,"C:\\workspace\\lumia-ops\\client\\src\\api\\invitation.ts": {"path":"C:\\workspace\\lumia-ops\\client\\src\\api\\invitation.ts","statementMap":{"0":{"start":{"line":9,"column":29},"end":{"line":77,"column":null}},"1":{"start":{"line":14,"column":25},"end":{"line":17,"column":null}},"2":{"start":{"line":18,"column":8},"end":{"line":18,"column":null}},"3":{"start":{"line":25,"column":25},"end":{"line":27,"column":null}},"4":{"start":{"line":28,"column":8},"end":{"line":28,"column":null}},"5":{"start":{"line":35,"column":8},"end":{"line":35,"column":null}},"6":{"start":{"line":42,"column":8},"end":{"line":42,"column":null}},"7":{"start":{"line":49,"column":25},"end":{"line":49,"column":null}},"8":{"start":{"line":50,"column":8},"end":{"line":50,"column":null}},"9":{"start":{"line":57,"column":25},"end":{"line":57,"column":null}},"10":{"start":{"line":58,"column":8},"end":{"line":58,"column":null}},"11":{"start":{"line":65,"column":25},"end":{"line":67,"column":null}},"12":{"start":{"line":68,"column":8},"end":{"line":68,"column":null}},"13":{"start":{"line":75,"column":8},"end":{"line":75,"column":null}}},"fnMap":{"0":{"name":"(anonymous_0)","decl":{"start":{"line":13,"column":10},"end":{"line":13,"column":27}},"loc":{"start":{"line":13,"column":103},"end":{"line":19,"column":null}},"line":13},"1":{"name":"(anonymous_1)","decl":{"start":{"line":24,"column":10},"end":{"line":24,"column":29}},"loc":{"start":{"line":24,"column":72},"end":{"line":29,"column":null}},"line":24},"2":{"name":"(anonymous_2)","decl":{"start":{"line":34,"column":10},"end":{"line":34,"column":27}},"loc":{"start":{"line":34,"column":80},"end":{"line":36,"column":null}},"line":34},"3":{"name":"(anonymous_3)","decl":{"start":{"line":41,"column":10},"end":{"line":41,"column":27}},"loc":{"start":{"line":41,"column":80},"end":{"line":43,"column":null}},"line":41},"4":{"name":"(anonymous_4)","decl":{"start":{"line":48,"column":10},"end":{"line":48,"column":56}},"loc":{"start":{"line":48,"column":56},"end":{"line":51,"column":null}},"line":48},"5":{"name":"(anonymous_5)","decl":{"start":{"line":56,"column":10},"end":{"line":56,"column":31}},"loc":{"start":{"line":56,"column":71},"end":{"line":59,"column":null}},"line":56},"6":{"name":"(anonymous_6)","decl":{"start":{"line":64,"column":10},"end":{"line":64,"column":27}},"loc":{"start":{"line":64,"column":71},"end":{"line":69,"column":null}},"line":64},"7":{"name":"(anonymous_7)","decl":{"start":{"line":74,"column":10},"end":{"line":74,"column":28}},"loc":{"start":{"line":74,"column":58},"end":{"line":76,"column":null}},"line":74}},"branchMap":{},"s":{"0":1,"1":0,"2":0,"3":0,"4":0,"5":0,"6":0,"7":0,"8":0,"9":0,"10":0,"11":0,"12":0,"13":0},"f":{"0":0,"1":0,"2":0,"3":0,"4":0,"5":0,"6":0,"7":0},"b":{},"meta":{"lastBranch":0,"lastFunction":8,"lastStatement":14,"seen":{"s:9:29:77:Infinity":0,"f:13:10:13:27":0,"s:14:25:17:Infinity":1,"s:18:8:18:Infinity":2,"f:24:10:24:29":1,"s:25:25:27:Infinity":3,"s:28:8:28:Infinity":4,"f:34:10:34:27":2,"s:35:8:35:Infinity":5,"f:41:10:41:27":3,"s:42:8:42:Infinity":6,"f:48:10:48:56":4,"s:49:25:49:Infinity":7,"s:50:8:50:Infinity":8,"f:56:10:56:31":5,"s:57:25:57:Infinity":9,"s:58:8:58:Infinity":10,"f:64:10:64:27":6,"s:65:25:67:Infinity":11,"s:68:8:68:Infinity":12,"f:74:10:74:28":7,"s:75:8:75:Infinity":13}}}
,"C:\\workspace\\lumia-ops\\client\\src\\api\\scrim.ts": {"path":"C:\\workspace\\lumia-ops\\client\\src\\api\\scrim.ts","statementMap":{"0":{"start":{"line":23,"column":24},"end":{"line":97,"column":null}},"1":{"start":{"line":28,"column":23},"end":{"line":28,"column":null}},"2":{"start":{"line":29,"column":25},"end":{"line":29,"column":null}},"3":{"start":{"line":30,"column":8},"end":{"line":30,"column":null}},"4":{"start":{"line":37,"column":25},"end":{"line":37,"column":null}},"5":{"start":{"line":38,"column":8},"end":{"line":38,"column":null}},"6":{"start":{"line":45,"column":25},"end":{"line":45,"column":null}},"7":{"start":{"line":46,"column":8},"end":{"line":46,"column":null}},"8":{"start":{"line":53,"column":25},"end":{"line":53,"column":null}},"9":{"start":{"line":54,"column":8},"end":{"line":54,"column":null}},"10":{"start":{"line":61,"column":8},"end":{"line":61,"column":null}},"11":{"start":{"line":68,"column":25},"end":{"line":68,"column":null}},"12":{"start":{"line":69,"column":8},"end":{"line":69,"column":null}},"13":{"start":{"line":76,"column":25},"end":{"line":76,"column":null}},"14":{"start":{"line":77,"column":8},"end":{"line":77,"column":null}},"15":{"start":{"line":84,"column":25},"end":{"line":87,"column":null}},"16":{"start":{"line":88,"column":8},"end":{"line":88,"column":null}},"17":{"start":{"line":95,"column":8},"end":{"line":95,"column":null}}},"fnMap":{"0":{"name":"(anonymous_0)","decl":{"start":{"line":27,"column":10},"end":{"line":27,"column":20}},"loc":{"start":{"line":27,"column":55},"end":{"line":31,"column":null}},"line":27},"1":{"name":"(anonymous_1)","decl":{"start":{"line":36,"column":10},"end":{"line":36,"column":19}},"loc":{"start":{"line":36,"column":47},"end":{"line":39,"column":null}},"line":36},"2":{"name":"(anonymous_2)","decl":{"start":{"line":44,"column":10},"end":{"line":44,"column":22}},"loc":{"start":{"line":44,"column":64},"end":{"line":47,"column":null}},"line":44},"3":{"name":"(anonymous_3)","decl":{"start":{"line":52,"column":10},"end":{"line":52,"column":22}},"loc":{"start":{"line":52,"column":76},"end":{"line":55,"column":null}},"line":52},"4":{"name":"(anonymous_4)","decl":{"start":{"line":60,"column":10},"end":{"line":60,"column":22}},"loc":{"start":{"line":60,"column":49},"end":{"line":62,"column":null}},"line":60},"5":{"name":"(anonymous_5)","decl":{"start":{"line":67,"column":10},"end":{"line":67,"column":23}},"loc":{"start":{"line":67,"column":72},"end":{"line":70,"column":null}},"line":67},"6":{"name":"(anonymous_6)","decl":{"start":{"line":75,"column":10},"end":{"line":75,"column":20}},"loc":{"start":{"line":75,"column":83},"end":{"line":78,"column":null}},"line":75},"7":{"name":"(anonymous_7)","decl":{"start":{"line":83,"column":10},"end":{"line":83,"column":23}},"loc":{"start":{"line":83,"column":113},"end":{"line":89,"column":null}},"line":83},"8":{"name":"(anonymous_8)","decl":{"start":{"line":94,"column":10},"end":{"line":94,"column":23}},"loc":{"start":{"line":94,"column":73},"end":{"line":96,"column":null}},"line":94}},"branchMap":{"0":{"loc":{"start":{"line":28,"column":23},"end":{"line":28,"column":null}},"type":"cond-expr","locations":[{"start":{"line":28,"column":32},"end":{"line":28,"column":45}},{"start":{"line":28,"column":45},"end":{"line":28,"column":null}}],"line":28}},"s":{"0":1,"1":2,"2":2,"3":2,"4":1,"5":1,"6":1,"7":1,"8":1,"9":1,"10":1,"11":1,"12":1,"13":1,"14":1,"15":1,"16":1,"17":1},"f":{"0":2,"1":1,"2":1,"3":1,"4":1,"5":1,"6":1,"7":1,"8":1},"b":{"0":[1,1]},"meta":{"lastBranch":1,"lastFunction":9,"lastStatement":18,"seen":{"s:23:24:97:Infinity":0,"f:27:10:27:20":0,"s:28:23:28:Infinity":1,"b:28:32:28:45:28:45:28:Infinity":0,"s:29:25:29:Infinity":2,"s:30:8:30:Infinity":3,"f:36:10:36:19":1,"s:37:25:37:Infinity":4,"s:38:8:38:Infinity":5,"f:44:10:44:22":2,"s:45:25:45:Infinity":6,"s:46:8:46:Infinity":7,"f:52:10:52:22":3,"s:53:25:53:Infinity":8,"s:54:8:54:Infinity":9,"f:60:10:60:22":4,"s:61:8:61:Infinity":10,"f:67:10:67:23":5,"s:68:25:68:Infinity":11,"s:69:8:69:Infinity":12,"f:75:10:75:20":6,"s:76:25:76:Infinity":13,"s:77:8:77:Infinity":14,"f:83:10:83:23":7,"s:84:25:87:Infinity":15,"s:88:8:88:Infinity":16,"f:94:10:94:23":8,"s:95:8:95:Infinity":17}}}
,"C:\\workspace\\lumia-ops\\client\\src\\api\\team.ts": {"path":"C:\\workspace\\lumia-ops\\client\\src\\api\\team.ts","statementMap":{"0":{"start":{"line":18,"column":23},"end":{"line":102,"column":null}},"1":{"start":{"line":23,"column":25},"end":{"line":23,"column":null}},"2":{"start":{"line":24,"column":8},"end":{"line":24,"column":null}},"3":{"start":{"line":31,"column":8},"end":{"line":36,"column":null}},"4":{"start":{"line":32,"column":29},"end":{"line":32,"column":null}},"5":{"start":{"line":33,"column":12},"end":{"line":33,"column":null}},"6":{"start":{"line":35,"column":12},"end":{"line":35,"column":null}},"7":{"start":{"line":43,"column":25},"end":{"line":43,"column":null}},"8":{"start":{"line":44,"column":8},"end":{"line":44,"column":null}},"9":{"start":{"line":51,"column":25},"end":{"line":51,"column":null}},"10":{"start":{"line":52,"column":8},"end":{"line":52,"column":null}},"11":{"start":{"line":59,"column":25},"end":{"line":59,"column":null}},"12":{"start":{"line":60,"column":8},"end":{"line":60,"column":null}},"13":{"start":{"line":67,"column":8},"end":{"line":67,"column":null}},"14":{"start":{"line":74,"column":25},"end":{"line":74,"column":null}},"15":{"start":{"line":75,"column":8},"end":{"line":75,"column":null}},"16":{"start":{"line":82,"column":8},"end":{"line":82,"column":null}},"17":{"start":{"line":89,"column":25},"end":{"line":92,"column":null}},"18":{"start":{"line":93,"column":8},"end":{"line":93,"column":null}},"19":{"start":{"line":100,"column":8},"end":{"line":100,"column":null}}},"fnMap":{"0":{"name":"(anonymous_0)","decl":{"start":{"line":22,"column":10},"end":{"line":22,"column":38}},"loc":{"start":{"line":22,"column":38},"end":{"line":25,"column":null}},"line":22},"1":{"name":"(anonymous_1)","decl":{"start":{"line":30,"column":10},"end":{"line":30,"column":44}},"loc":{"start":{"line":30,"column":44},"end":{"line":37,"column":null}},"line":30},"2":{"name":"(anonymous_2)","decl":{"start":{"line":42,"column":10},"end":{"line":42,"column":18}},"loc":{"start":{"line":42,"column":45},"end":{"line":45,"column":null}},"line":42},"3":{"name":"(anonymous_3)","decl":{"start":{"line":50,"column":10},"end":{"line":50,"column":21}},"loc":{"start":{"line":50,"column":61},"end":{"line":53,"column":null}},"line":50},"4":{"name":"(anonymous_4)","decl":{"start":{"line":58,"column":10},"end":{"line":58,"column":21}},"loc":{"start":{"line":58,"column":73},"end":{"line":61,"column":null}},"line":58},"5":{"name":"(anonymous_5)","decl":{"start":{"line":66,"column":10},"end":{"line":66,"column":21}},"loc":{"start":{"line":66,"column":48},"end":{"line":68,"column":null}},"line":66},"6":{"name":"(anonymous_6)","decl":{"start":{"line":73,"column":10},"end":{"line":73,"column":23}},"loc":{"start":{"line":73,"column":87},"end":{"line":76,"column":null}},"line":73},"7":{"name":"(anonymous_7)","decl":{"start":{"line":81,"column":10},"end":{"line":81,"column":23}},"loc":{"start":{"line":81,"column":72},"end":{"line":83,"column":null}},"line":81},"8":{"name":"(anonymous_8)","decl":{"start":{"line":88,"column":10},"end":{"line":88,"column":27}},"loc":{"start":{"line":88,"column":98},"end":{"line":94,"column":null}},"line":88},"9":{"name":"(anonymous_9)","decl":{"start":{"line":99,"column":10},"end":{"line":99,"column":20}},"loc":{"start":{"line":99,"column":51},"end":{"line":101,"column":null}},"line":99}},"branchMap":{},"s":{"0":1,"1":1,"2":1,"3":2,"4":2,"5":1,"6":1,"7":1,"8":1,"9":1,"10":1,"11":1,"12":1,"13":1,"14":1,"15":1,"16":1,"17":1,"18":1,"19":1},"f":{"0":1,"1":2,"2":1,"3":1,"4":1,"5":1,"6":1,"7":1,"8":1,"9":1},"b":{},"meta":{"lastBranch":0,"lastFunction":10,"lastStatement":20,"seen":{"s:18:23:102:Infinity":0,"f:22:10:22:38":0,"s:23:25:23:Infinity":1,"s:24:8:24:Infinity":2,"f:30:10:30:44":1,"s:31:8:36:Infinity":3,"s:32:29:32:Infinity":4,"s:33:12:33:Infinity":5,"s:35:12:35:Infinity":6,"f:42:10:42:18":2,"s:43:25:43:Infinity":7,"s:44:8:44:Infinity":8,"f:50:10:50:21":3,"s:51:25:51:Infinity":9,"s:52:8:52:Infinity":10,"f:58:10:58:21":4,"s:59:25:59:Infinity":11,"s:60:8:60:Infinity":12,"f:66:10:66:21":5,"s:67:8:67:Infinity":13,"f:73:10:73:23":6,"s:74:25:74:Infinity":14,"s:75:8:75:Infinity":15,"f:81:10:81:23":7,"s:82:8:82:Infinity":16,"f:88:10:88:27":8,"s:89:25:92:Infinity":17,"s:93:8:93:Infinity":18,"f:99:10:99:20":9,"s:100:8:100:Infinity":19}}}
,"C:\\workspace\\lumia-ops\\client\\src\\api\\user.ts": {"path":"C:\\workspace\\lumia-ops\\client\\src\\api\\user.ts","statementMap":{"0":{"start":{"line":18,"column":23},"end":{"line":50,"column":null}},"1":{"start":{"line":23,"column":25},"end":{"line":23,"column":null}},"2":{"start":{"line":24,"column":8},"end":{"line":24,"column":null}},"3":{"start":{"line":31,"column":25},"end":{"line":31,"column":null}},"4":{"start":{"line":32,"column":8},"end":{"line":32,"column":null}},"5":{"start":{"line":39,"column":25},"end":{"line":39,"column":null}},"6":{"start":{"line":40,"column":8},"end":{"line":40,"column":null}},"7":{"start":{"line":47,"column":25},"end":{"line":47,"column":null}},"8":{"start":{"line":48,"column":8},"end":{"line":48,"column":null}}},"fnMap":{"0":{"name":"(anonymous_0)","decl":{"start":{"line":22,"column":10},"end":{"line":22,"column":37}},"loc":{"start":{"line":22,"column":37},"end":{"line":25,"column":null}},"line":22},"1":{"name":"(anonymous_1)","decl":{"start":{"line":30,"column":10},"end":{"line":30,"column":29}},"loc":{"start":{"line":30,"column":62},"end":{"line":33,"column":null}},"line":30},"2":{"name":"(anonymous_2)","decl":{"start":{"line":38,"column":10},"end":{"line":38,"column":25}},"loc":{"start":{"line":38,"column":58},"end":{"line":41,"column":null}},"line":38},"3":{"name":"(anonymous_3)","decl":{"start":{"line":46,"column":10},"end":{"line":46,"column":77}},"loc":{"start":{"line":46,"column":77},"end":{"line":49,"column":null}},"line":46}},"branchMap":{},"s":{"0":1,"1":1,"2":1,"3":1,"4":1,"5":1,"6":1,"7":2,"8":2},"f":{"0":1,"1":1,"2":1,"3":2},"b":{},"meta":{"lastBranch":0,"lastFunction":4,"lastStatement":9,"seen":{"s:18:23:50:Infinity":0,"f:22:10:22:37":0,"s:23:25:23:Infinity":1,"s:24:8:24:Infinity":2,"f:30:10:30:29":1,"s:31:25:31:Infinity":3,"s:32:8:32:Infinity":4,"f:38:10:38:25":2,"s:39:25:39:Infinity":5,"s:40:8:40:Infinity":6,"f:46:10:46:77":3,"s:47:25:47:Infinity":7,"s:48:8:48:Infinity":8}}}
,"C:\\workspace\\lumia-ops\\client\\src\\components\\common\\Button.vue": {"path":"C:\\workspace\\lumia-ops\\client\\src\\components\\common\\Button.vue","statementMap":{"0":{"start":{"line":31,"column":14},"end":{"line":31,"column":null}},"1":{"start":{"line":41,"column":13},"end":{"line":41,"column":null}},"2":{"start":{"line":45,"column":6},"end":{"line":49,"column":null}},"3":{"start":{"line":46,"column":2},"end":{"line":46,"column":null}},"4":{"start":{"line":46,"column":16},"end":{"line":46,"column":null}},"5":{"start":{"line":47,"column":2},"end":{"line":47,"column":null}},"6":{"start":{"line":47,"column":18},"end":{"line":47,"column":null}},"7":{"start":{"line":48,"column":2},"end":{"line":48,"column":null}},"8":{"start":{"line":51,"column":6},"end":{"line":57,"column":null}},"9":{"start":{"line":52,"column":2},"end":{"line":56,"column":null}},"10":{"start":{"line":53,"column":15},"end":{"line":53,"column":null}},"11":{"start":{"line":54,"column":15},"end":{"line":54,"column":null}},"12":{"start":{"line":55,"column":13},"end":{"line":55,"column":null}},"13":{"start":{"line":59,"column":20},"end":{"line":66,"column":null}},"14":{"start":{"line":60,"column":2},"end":{"line":64,"column":null}},"15":{"start":{"line":61,"column":4},"end":{"line":61,"column":null}},"16":{"start":{"line":62,"column":4},"end":{"line":62,"column":null}},"17":{"start":{"line":63,"column":4},"end":{"line":63,"column":null}},"18":{"start":{"line":65,"column":2},"end":{"line":65,"column":null}},"19":{"start":{"line":2,"column":2},"end":{"line":12,"column":null}},"20":{"start":{"line":11,"column":50},"end":{"line":12,"column":null}}},"fnMap":{"0":{"name":"(anonymous_0)","decl":{"start":{"line":45,"column":31},"end":{"line":45,"column":37}},"loc":{"start":{"line":45,"column":37},"end":{"line":49,"column":1}},"line":45},"1":{"name":"(anonymous_1)","decl":{"start":{"line":51,"column":29},"end":{"line":51,"column":35}},"loc":{"start":{"line":51,"column":35},"end":{"line":57,"column":1}},"line":51},"2":{"name":"(anonymous_2)","decl":{"start":{"line":59,"column":20},"end":{"line":59,"column":21}},"loc":{"start":{"line":59,"column":43},"end":{"line":66,"column":null}},"line":59},"3":{"name":"(anonymous_3)","decl":{"start":{"line":11,"column":4},"end":{"line":11,"column":19}},"loc":{"start":{"line":11,"column":50},"end":{"line":12,"column":null}},"line":11}},"branchMap":{"0":{"loc":{"start":{"line":46,"column":2},"end":{"line":46,"column":null}},"type":"if","locations":[{"start":{"line":46,"column":2},"end":{"line":46,"column":null}},{"start":{},"end":{}}],"line":46},"1":{"loc":{"start":{"line":47,"column":2},"end":{"line":47,"column":null}},"type":"if","locations":[{"start":{"line":47,"column":2},"end":{"line":47,"column":null}},{"start":{},"end":{}}],"line":47},"2":{"loc":{"start":{"line":52,"column":2},"end":{"line":56,"column":null}},"type":"switch","locations":[{"start":{"line":53,"column":4},"end":{"line":53,"column":null}},{"start":{"line":54,"column":4},"end":{"line":54,"column":null}},{"start":{"line":55,"column":4},"end":{"line":55,"column":null}}],"line":52},"3":{"loc":{"start":{"line":60,"column":2},"end":{"line":64,"column":null}},"type":"if","locations":[{"start":{"line":60,"column":2},"end":{"line":64,"column":null}},{"start":{},"end":{}}],"line":60},"4":{"loc":{"start":{"line":60,"column":6},"end":{"line":60,"column":39}},"type":"binary-expr","locations":[{"start":{"line":60,"column":6},"end":{"line":60,"column":24}},{"start":{"line":60,"column":24},"end":{"line":60,"column":39}}],"line":60},"5":{"loc":{"start":{"line":7,"column":15},"end":{"line":7,"column":null}},"type":"binary-expr","locations":[{"start":{"line":7,"column":15},"end":{"line":7,"column":27}},{"start":{"line":7,"column":27},"end":{"line":7,"column":null}}],"line":7},"6":{"loc":{"start":{"line":11,"column":19},"end":{"line":12,"column":null}},"type":"cond-expr","locations":[{"start":{"line":11,"column":19},"end":{"line":11,"column":50}},{"start":{"line":11,"column":35},"end":{"line":12,"column":null}}],"line":11}},"s":{"0":35,"1":35,"2":35,"3":35,"4":22,"5":13,"6":0,"7":13,"8":35,"9":2,"10":0,"11":0,"12":2,"13":35,"14":1,"15":0,"16":0,"17":0,"18":1,"19":35,"20":35},"f":{"0":35,"1":2,"2":1,"3":35},"b":{"0":[22,13],"1":[0,13],"2":[0,0,2],"3":[0,1],"4":[1,1],"5":[35,33],"6":[2,33]},"meta":{"lastBranch":0,"lastFunction":0,"lastStatement":0,"seen":{}}}
,"C:\\workspace\\lumia-ops\\client\\src\\components\\common\\Card.vue": {"path":"C:\\workspace\\lumia-ops\\client\\src\\components\\common\\Card.vue","statementMap":{"0":{"start":{"line":6,"column":9},"end":{"line":6,"column":null}},"1":{"start":{"line":2,"column":2},"end":{"line":10,"column":null}}},"fnMap":{},"branchMap":{"0":{"loc":{"start":{"line":3,"column":15},"end":{"line":4,"column":null}},"type":"cond-expr","locations":[{"start":{"line":3,"column":22},"end":{"line":4,"column":null}},{"start":{"line":4,"column":28},"end":{"line":4,"column":null}}],"line":3},"1":{"loc":{"start":{"line":9,"column":15},"end":{"line":10,"column":null}},"type":"cond-expr","locations":[{"start":{"line":9,"column":22},"end":{"line":10,"column":null}},{"start":{"line":10,"column":28},"end":{"line":10,"column":null}}],"line":9}},"s":{"0":12,"1":8},"f":{},"b":{"0":[1,7],"1":[1,7]},"meta":{"lastBranch":0,"lastFunction":0,"lastStatement":0,"seen":{}}}
,"C:\\workspace\\lumia-ops\\client\\src\\components\\common\\ConfirmModal.vue": {"path":"C:\\workspace\\lumia-ops\\client\\src\\components\\common\\ConfirmModal.vue","statementMap":{"0":{"start":{"line":64,"column":13},"end":{"line":64,"column":null}},"1":{"start":{"line":70,"column":2},"end":{"line":70,"column":null}},"2":{"start":{"line":74,"column":2},"end":{"line":74,"column":null}},"3":{"start":{"line":13,"column":15},"end":{"line":13,"column":null}},"4":{"start":{"line":14,"column":16},"end":{"line":14,"column":41}},"5":{"start":{"line":15,"column":15},"end":{"line":15,"column":42}},"6":{"start":{"line":18,"column":15},"end":{"line":18,"column":null}},"7":{"start":{"line":2,"column":2},"end":{"line":33,"column":44}},"8":{"start":{"line":37,"column":12},"end":{"line":33,"column":44}}},"fnMap":{"0":{"name":"handleConfirm","decl":{"start":{"line":69,"column":9},"end":{"line":69,"column":25}},"loc":{"start":{"line":69,"column":25},"end":{"line":71,"column":null}},"line":69},"1":{"name":"handleCancel","decl":{"start":{"line":73,"column":9},"end":{"line":73,"column":24}},"loc":{"start":{"line":73,"column":24},"end":{"line":75,"column":null}},"line":73},"2":{"name":"(anonymous_2)","decl":{"start":{"line":4,"column":6},"end":{"line":4,"column":17}},"loc":{"start":{"line":37,"column":12},"end":{"line":33,"column":44}},"line":37}},"branchMap":{"0":{"loc":{"start":{"line":4,"column":17},"end":{"line":33,"column":44}},"type":"cond-expr","locations":[{"start":{"line":4,"column":17},"end":{"line":33,"column":44}}],"line":4},"1":{"loc":{"start":{"line":7,"column":33},"end":{"line":7,"column":68}},"type":"cond-expr","locations":[{"start":{"line":7,"column":40},"end":{"line":7,"column":68}},{"start":{"line":7,"column":62},"end":{"line":7,"column":68}}],"line":7},"2":{"loc":{"start":{"line":8,"column":31},"end":{"line":8,"column":67}},"type":"cond-expr","locations":[{"start":{"line":8,"column":38},"end":{"line":8,"column":67}},{"start":{"line":8,"column":61},"end":{"line":8,"column":67}}],"line":8},"3":{"loc":{"start":{"line":9,"column":24},"end":{"line":9,"column":57}},"type":"cond-expr","locations":[{"start":{"line":9,"column":31},"end":{"line":9,"column":57}},{"start":{"line":9,"column":51},"end":{"line":9,"column":57}}],"line":9},"4":{"loc":{"start":{"line":10,"column":31},"end":{"line":10,"column":67}},"type":"cond-expr","locations":[{"start":{"line":10,"column":38},"end":{"line":10,"column":67}},{"start":{"line":10,"column":61},"end":{"line":10,"column":67}}],"line":10},"5":{"loc":{"start":{"line":32,"column":26},"end":{"line":32,"column":null}},"type":"cond-expr","locations":[{"start":{"line":32,"column":26},"end":{"line":32,"column":null}},{"start":{"line":32,"column":64},"end":{"line":32,"column":null}}],"line":32}},"s":{"0":0,"1":0,"2":0,"3":11,"4":11,"5":11,"6":11,"7":0,"8":0},"f":{"0":0,"1":0,"2":0},"b":{"0":[0,null],"1":[0,0],"2":[0,0],"3":[0,0],"4":[0,0],"5":[0,0]},"meta":{"lastBranch":0,"lastFunction":0,"lastStatement":0,"seen":{}}}
,"C:\\workspace\\lumia-ops\\client\\src\\components\\common\\ConfirmProvider.vue": {"path":"C:\\workspace\\lumia-ops\\client\\src\\components\\common\\ConfirmProvider.vue","statementMap":{"0":{"start":{"line":19,"column":43},"end":{"line":19,"column":null}},"1":{"start":{"line":2,"column":2},"end":{"line":11,"column":null}}},"fnMap":{},"branchMap":{},"s":{"0":0,"1":0},"f":{},"b":{},"meta":{"lastBranch":0,"lastFunction":0,"lastStatement":2,"seen":{"s:19:43:19:Infinity":0,"s:2:2:11:Infinity":1}}}
,"C:\\workspace\\lumia-ops\\client\\src\\components\\common\\ErrorBoundary.vue": {"path":"C:\\workspace\\lumia-ops\\client\\src\\components\\common\\ErrorBoundary.vue","statementMap":{"0":{"start":{"line":39,"column":14},"end":{"line":39,"column":null}},"1":{"start":{"line":44,"column":6},"end":{"line":44,"column":null}},"2":{"start":{"line":45,"column":6},"end":{"line":45,"column":null}},"3":{"start":{"line":46,"column":6},"end":{"line":46,"column":null}},"4":{"start":{"line":47,"column":6},"end":{"line":47,"column":null}},"5":{"start":{"line":49,"column":6},"end":{"line":51,"column":null}},"6":{"start":{"line":50,"column":2},"end":{"line":50,"column":null}},"7":{"start":{"line":53,"column":6},"end":{"line":56,"column":null}},"8":{"start":{"line":54,"column":2},"end":{"line":54,"column":null}},"9":{"start":{"line":54,"column":20},"end":{"line":54,"column":null}},"10":{"start":{"line":55,"column":2},"end":{"line":55,"column":null}},"11":{"start":{"line":59,"column":0},"end":{"line":70,"column":null}},"12":{"start":{"line":60,"column":2},"end":{"line":60,"column":null}},"13":{"start":{"line":61,"column":2},"end":{"line":61,"column":null}},"14":{"start":{"line":62,"column":2},"end":{"line":62,"column":null}},"15":{"start":{"line":64,"column":2},"end":{"line":64,"column":null}},"16":{"start":{"line":65,"column":2},"end":{"line":65,"column":null}},"17":{"start":{"line":66,"column":2},"end":{"line":66,"column":null}},"18":{"start":{"line":69,"column":2},"end":{"line":69,"column":null}},"19":{"start":{"line":73,"column":2},"end":{"line":73,"column":null}},"20":{"start":{"line":74,"column":2},"end":{"line":74,"column":null}},"21":{"start":{"line":75,"column":2},"end":{"line":75,"column":null}},"22":{"start":{"line":79,"column":2},"end":{"line":79,"column":null}},"23":{"start":{"line":80,"column":2},"end":{"line":80,"column":null}},"24":{"start":{"line":84,"column":0},"end":{"line":84,"column":null}},"25":{"start":{"line":4,"column":9},"end":{"line":4,"column":null}},"26":{"start":{"line":5,"column":11},"end":{"line":5,"column":null}},"27":{"start":{"line":9,"column":9},"end":{"line":9,"column":34}},"28":{"start":{"line":10,"column":11},"end":{"line":10,"column":null}},"29":{"start":{"line":2,"column":15},"end":{"line":22,"column":37}},"30":{"start":{"line":12,"column":34},"end":{"line":13,"column":28}},"31":{"start":{"line":16,"column":29},"end":{"line":17,"column":26}}},"fnMap":{"0":{"name":"(anonymous_0)","decl":{"start":{"line":49,"column":30},"end":{"line":49,"column":36}},"loc":{"start":{"line":49,"column":36},"end":{"line":51,"column":1}},"line":49},"1":{"name":"(anonymous_1)","decl":{"start":{"line":53,"column":30},"end":{"line":53,"column":36}},"loc":{"start":{"line":53,"column":36},"end":{"line":56,"column":1}},"line":53},"2":{"name":"(anonymous_2)","decl":{"start":{"line":59,"column":16},"end":{"line":59,"column":17}},"loc":{"start":{"line":59,"column":56},"end":{"line":70,"column":1}},"line":59},"3":{"name":"reset","decl":{"start":{"line":72,"column":9},"end":{"line":72,"column":17}},"loc":{"start":{"line":72,"column":17},"end":{"line":76,"column":null}},"line":72},"4":{"name":"goHome","decl":{"start":{"line":78,"column":9},"end":{"line":78,"column":18}},"loc":{"start":{"line":78,"column":18},"end":{"line":81,"column":null}},"line":78},"5":{"name":"(anonymous_5)","decl":{"start":{"line":12,"column":10},"end":{"line":12,"column":22}},"loc":{"start":{"line":12,"column":34},"end":{"line":13,"column":28}},"line":12},"6":{"name":"(anonymous_6)","decl":{"start":{"line":16,"column":10},"end":{"line":16,"column":17}},"loc":{"start":{"line":16,"column":29},"end":{"line":17,"column":26}},"line":16}},"branchMap":{"0":{"loc":{"start":{"line":50,"column":9},"end":{"line":50,"column":null}},"type":"binary-expr","locations":[{"start":{"line":50,"column":9},"end":{"line":50,"column":33}},{"start":{"line":50,"column":33},"end":{"line":50,"column":null}}],"line":50},"1":{"loc":{"start":{"line":54,"column":2},"end":{"line":54,"column":null}},"type":"if","locations":[{"start":{"line":54,"column":2},"end":{"line":54,"column":null}},{"start":{},"end":{}}],"line":54},"2":{"loc":{"start":{"line":55,"column":59},"end":{"line":55,"column":82}},"type":"binary-expr","locations":[{"start":{"line":55,"column":59},"end":{"line":55,"column":80}},{"start":{"line":55,"column":80},"end":{"line":55,"column":82}}],"line":55},"3":{"loc":{"start":{"line":2,"column":15},"end":{"line":22,"column":37}},"type":"cond-expr","locations":[{"start":{"line":2,"column":15},"end":{"line":2,"column":null}},{"start":{"line":2,"column":27},"end":{"line":22,"column":37}}],"line":2},"4":{"loc":{"start":{"line":8,"column":6},"end":{"line":8,"column":25}},"type":"binary-expr","locations":[{"start":{"line":8,"column":6},"end":{"line":8,"column":10}},{"start":{"line":8,"column":6},"end":{"line":8,"column":25}}],"line":8},"5":{"loc":{"start":{"line":12,"column":30},"end":{"line":13,"column":28}},"type":"binary-expr","locations":[{"start":{"line":12,"column":30},"end":{"line":12,"column":34}},{"start":{"line":12,"column":30},"end":{"line":13,"column":28}}],"line":12},"6":{"loc":{"start":{"line":16,"column":25},"end":{"line":17,"column":26}},"type":"binary-expr","locations":[{"start":{"line":16,"column":25},"end":{"line":16,"column":29}},{"start":{"line":16,"column":25},"end":{"line":17,"column":26}}],"line":16},"7":{"loc":{"start":{"line":20,"column":21},"end":{"line":22,"column":37}},"type":"cond-expr","locations":[{"start":{"line":20,"column":36},"end":{"line":22,"column":37}},{"start":{"line":22,"column":28},"end":{"line":22,"column":37}}],"line":20},"8":{"loc":{"start":{"line":20,"column":21},"end":{"line":20,"column":43}},"type":"binary-expr","locations":[{"start":{"line":20,"column":21},"end":{"line":20,"column":36}},{"start":{"line":20,"column":36},"end":{"line":20,"column":43}}],"line":20},"9":{"loc":{"start":{"line":23,"column":16},"end":{"line":21,"column":35}},"type":"binary-expr","locations":[{"start":{"line":23,"column":16},"end":{"line":23,"column":null}},{"start":{"line":23,"column":16},"end":{"line":21,"column":35}}],"line":23}},"s":{"0":0,"1":0,"2":0,"3":0,"4":0,"5":0,"6":0,"7":0,"8":0,"9":0,"10":0,"11":0,"12":0,"13":0,"14":0,"15":0,"16":0,"17":0,"18":0,"19":0,"20":0,"21":0,"22":0,"23":0,"24":0,"25":11,"26":11,"27":11,"28":11,"29":0,"30":0,"31":0},"f":{"0":0,"1":0,"2":0,"3":0,"4":0,"5":0,"6":0},"b":{"0":[0,0],"1":[0,0],"2":[0,0],"3":[0,0],"4":[0,0],"5":[0,0],"6":[0,0],"7":[0,0],"8":[0,0],"9":[0,0]},"meta":{"lastBranch":0,"lastFunction":0,"lastStatement":0,"seen":{}}}
,"C:\\workspace\\lumia-ops\\client\\src\\components\\common\\Input.vue": {"path":"C:\\workspace\\lumia-ops\\client\\src\\components\\common\\Input.vue","statementMap":{"0":{"start":{"line":8,"column":12},"end":{"line":8,"column":null}}},"fnMap":{"0":{"name":"(anonymous_0)","decl":{"start":{"line":8,"column":10},"end":{"line":8,"column":12}},"loc":{"start":{"line":8,"column":12},"end":{"line":8,"column":null}},"line":8}},"branchMap":{"0":{"loc":{"start":{"line":8,"column":10},"end":{"line":8,"column":null}},"type":"binary-expr","locations":[{"start":{"line":8,"column":10},"end":{"line":8,"column":12}},{"start":{"line":8,"column":10},"end":{"line":8,"column":null}}],"line":8},"1":{"loc":{"start":{"line":10,"column":14},"end":{"line":10,"column":67}},"type":"cond-expr","locations":[{"start":{"line":10,"column":14},"end":{"line":10,"column":67}},{"start":{"line":10,"column":57},"end":{"line":10,"column":67}}],"line":10}},"s":{"0":1},"f":{"0":1},"b":{"0":[10,10],"1":[2,8]},"meta":{"lastBranch":2,"lastFunction":1,"lastStatement":1,"seen":{"b:8:10:8:12:8:10:8:Infinity":0,"f:8:10:8:12":0,"s:8:12:8:Infinity":0,"b:10:14:10:67:10:57:10:67":1}}}
,"C:\\workspace\\lumia-ops\\client\\src\\components\\common\\Loading.vue": {"path":"C:\\workspace\\lumia-ops\\client\\src\\components\\common\\Loading.vue","statementMap":{"0":{"start":{"line":2,"column":2},"end":{"line":4,"column":60}}},"fnMap":{},"branchMap":{"0":{"loc":{"start":{"line":3,"column":4},"end":{"line":3,"column":39}},"type":"binary-expr","locations":[{"start":{"line":3,"column":4},"end":{"line":3,"column":9}},{"start":{"line":3,"column":4},"end":{"line":3,"column":39}}],"line":3},"1":{"loc":{"start":{"line":4,"column":16},"end":{"line":4,"column":60}},"type":"cond-expr","locations":[{"start":{"line":4,"column":16},"end":{"line":4,"column":60}},{"start":{"line":4,"column":50},"end":{"line":4,"column":60}}],"line":4}},"s":{"0":0},"f":{},"b":{"0":[0,0],"1":[0,0]},"meta":{"lastBranch":0,"lastFunction":0,"lastStatement":0,"seen":{}}}
,"C:\\workspace\\lumia-ops\\client\\src\\components\\common\\Modal.vue": {"path":"C:\\workspace\\lumia-ops\\client\\src\\components\\common\\Modal.vue","statementMap":{"0":{"start":{"line":30,"column":14},"end":{"line":30,"column":null}},"1":{"start":{"line":36,"column":13},"end":{"line":36,"column":null}},"2":{"start":{"line":41,"column":2},"end":{"line":41,"column":null}},"3":{"start":{"line":6,"column":15},"end":{"line":6,"column":null}},"4":{"start":{"line":10,"column":15},"end":{"line":10,"column":null}},"5":{"start":{"line":2,"column":2},"end":{"line":14,"column":null}},"6":{"start":{"line":17,"column":12},"end":{"line":14,"column":null}},"7":{"start":{"line":4,"column":64},"end":{"line":4,"column":null}}},"fnMap":{"0":{"name":"close","decl":{"start":{"line":40,"column":9},"end":{"line":40,"column":17}},"loc":{"start":{"line":40,"column":17},"end":{"line":42,"column":null}},"line":40},"1":{"name":"(anonymous_1)","decl":{"start":{"line":4,"column":6},"end":{"line":4,"column":17}},"loc":{"start":{"line":17,"column":12},"end":{"line":14,"column":null}},"line":17},"2":{"name":"(anonymous_2)","decl":{"start":{"line":4,"column":57},"end":{"line":4,"column":64}},"loc":{"start":{"line":4,"column":64},"end":{"line":4,"column":null}},"line":4}},"branchMap":{"0":{"loc":{"start":{"line":4,"column":17},"end":{"line":14,"column":null}},"type":"cond-expr","locations":[{"start":{"line":4,"column":17},"end":{"line":14,"column":null}}],"line":4},"1":{"loc":{"start":{"line":4,"column":57},"end":{"line":4,"column":null}},"type":"binary-expr","locations":[{"start":{"line":4,"column":57},"end":{"line":4,"column":64}},{"start":{"line":4,"column":57},"end":{"line":4,"column":null}}],"line":4},"2":{"loc":{"start":{"line":4,"column":64},"end":{"line":4,"column":null}},"type":"binary-expr","locations":[{"start":{"line":4,"column":64},"end":{"line":4,"column":82}},{"start":{"line":4,"column":82},"end":{"line":4,"column":null}}],"line":4},"3":{"loc":{"start":{"line":13,"column":21},"end":{"line":14,"column":null}},"type":"cond-expr","locations":[{"start":{"line":13,"column":28},"end":{"line":14,"column":null}},{"start":{"line":14,"column":34},"end":{"line":14,"column":null}}],"line":13}},"s":{"0":11,"1":11,"2":2,"3":12,"4":12,"5":11,"6":11,"7":2},"f":{"0":2,"1":11,"2":2},"b":{"0":[10,null],"1":[10,10],"2":[2,1],"3":[1,9]},"meta":{"lastBranch":0,"lastFunction":0,"lastStatement":0,"seen":{}}}
,"C:\\workspace\\lumia-ops\\client\\src\\components\\common\\PageHeader.vue": {"path":"C:\\workspace\\lumia-ops\\client\\src\\components\\common\\PageHeader.vue","statementMap":{"0":{"start":{"line":2,"column":10},"end":{"line":2,"column":null}},"1":{"start":{"line":3,"column":9},"end":{"line":3,"column":null}},"2":{"start":{"line":2,"column":2},"end":{"line":11,"column":null}}},"fnMap":{},"branchMap":{"0":{"loc":{"start":{"line":8,"column":15},"end":{"line":8,"column":74}},"type":"cond-expr","locations":[{"start":{"line":8,"column":15},"end":{"line":8,"column":74}},{"start":{"line":8,"column":67},"end":{"line":8,"column":74}}],"line":8},"1":{"loc":{"start":{"line":10,"column":15},"end":{"line":11,"column":null}},"type":"cond-expr","locations":[{"start":{"line":10,"column":22},"end":{"line":11,"column":null}},{"start":{"line":11,"column":29},"end":{"line":11,"column":null}}],"line":10}},"s":{"0":12,"1":12,"2":17},"f":{},"b":{"0":[12,5],"1":[1,16]},"meta":{"lastBranch":0,"lastFunction":0,"lastStatement":0,"seen":{}}}
,"C:\\workspace\\lumia-ops\\client\\src\\components\\common\\PageLoader.vue": {"path":"C:\\workspace\\lumia-ops\\client\\src\\components\\common\\PageLoader.vue","statementMap":{"0":{"start":{"line":2,"column":7},"end":{"line":2,"column":null}},"1":{"start":{"line":3,"column":9},"end":{"line":3,"column":null}},"2":{"start":{"line":2,"column":2},"end":{"line":5,"column":35}}},"fnMap":{},"branchMap":{"0":{"loc":{"start":{"line":6,"column":10},"end":{"line":4,"column":45}},"type":"binary-expr","locations":[{"start":{"line":6,"column":10},"end":{"line":6,"column":null}},{"start":{"line":6,"column":10},"end":{"line":4,"column":45}}],"line":6},"1":{"loc":{"start":{"line":5,"column":15},"end":{"line":5,"column":35}},"type":"cond-expr","locations":[{"start":{"line":5,"column":15},"end":{"line":5,"column":35}},{"start":{"line":5,"column":28},"end":{"line":5,"column":35}}],"line":5}},"s":{"0":11,"1":11,"2":0},"f":{},"b":{"0":[0,0],"1":[0,0]},"meta":{"lastBranch":0,"lastFunction":0,"lastStatement":0,"seen":{}}}
,"C:\\workspace\\lumia-ops\\client\\src\\components\\common\\Skeleton.vue": {"path":"C:\\workspace\\lumia-ops\\client\\src\\components\\common\\Skeleton.vue","statementMap":{"0":{"start":{"line":14,"column":14},"end":{"line":14,"column":null}},"1":{"start":{"line":20,"column":6},"end":{"line":23,"column":null}},"2":{"start":{"line":20,"column":30},"end":{"line":23,"column":2}},"3":{"start":{"line":2,"column":2},"end":{"line":2,"column":73}}},"fnMap":{"0":{"name":"(anonymous_0)","decl":{"start":{"line":20,"column":23},"end":{"line":20,"column":30}},"loc":{"start":{"line":20,"column":30},"end":{"line":23,"column":2}},"line":20}},"branchMap":{"0":{"loc":{"start":{"line":22,"column":10},"end":{"line":22,"column":null}},"type":"binary-expr","locations":[{"start":{"line":22,"column":10},"end":{"line":22,"column":27}},{"start":{"line":22,"column":27},"end":{"line":22,"column":null}}],"line":22},"1":{"loc":{"start":{"line":22,"column":27},"end":{"line":22,"column":null}},"type":"cond-expr","locations":[{"start":{"line":22,"column":54},"end":{"line":22,"column":62}},{"start":{"line":22,"column":62},"end":{"line":22,"column":null}}],"line":22}},"s":{"0":8,"1":8,"2":8,"3":8},"f":{"0":8},"b":{"0":[8,7],"1":[5,2]},"meta":{"lastBranch":0,"lastFunction":0,"lastStatement":0,"seen":{}}}
,"C:\\workspace\\lumia-ops\\client\\src\\components\\common\\SkeletonCard.vue": {"path":"C:\\workspace\\lumia-ops\\client\\src\\components\\common\\SkeletonCard.vue","statementMap":{"0":{"start":{"line":2,"column":7},"end":{"line":2,"column":null}},"1":{"start":{"line":4,"column":9},"end":{"line":4,"column":null}},"2":{"start":{"line":2,"column":2},"end":{"line":7,"column":45}}},"fnMap":{},"branchMap":{},"s":{"0":11,"1":11,"2":0},"f":{},"b":{},"meta":{"lastBranch":0,"lastFunction":0,"lastStatement":0,"seen":{}}}
,"C:\\workspace\\lumia-ops\\client\\src\\components\\common\\Spinner.vue": {"path":"C:\\workspace\\lumia-ops\\client\\src\\components\\common\\Spinner.vue","statementMap":{"0":{"start":{"line":2,"column":2},"end":{"line":4,"column":null}}},"fnMap":{},"branchMap":{},"s":{"0":7},"f":{},"b":{},"meta":{"lastBranch":0,"lastFunction":0,"lastStatement":0,"seen":{}}}
,"C:\\workspace\\lumia-ops\\client\\src\\components\\common\\ToastContainer.vue": {"path":"C:\\workspace\\lumia-ops\\client\\src\\components\\common\\ToastContainer.vue","statementMap":{"0":{"start":{"line":20,"column":23},"end":{"line":20,"column":null}},"1":{"start":{"line":3,"column":9},"end":{"line":3,"column":null}},"2":{"start":{"line":2,"column":2},"end":{"line":9,"column":null}},"3":{"start":{"line":6,"column":33},"end":{"line":9,"column":null}},"4":{"start":{"line":5,"column":8},"end":{"line":9,"column":null}},"5":{"start":{"line":9,"column":18},"end":{"line":9,"column":null}}},"fnMap":{"0":{"name":"(anonymous_0)","decl":{"start":{"line":6,"column":10},"end":{"line":6,"column":17}},"loc":{"start":{"line":6,"column":33},"end":{"line":9,"column":null}},"line":6},"1":{"name":"(anonymous_1)","decl":{"start":{"line":6,"column":32},"end":{"line":6,"column":33}},"loc":{"start":{"line":6,"column":22},"end":{"line":9,"column":null}},"line":6},"2":{"name":"(anonymous_2)","decl":{"start":{"line":9,"column":16},"end":{"line":9,"column":18}},"loc":{"start":{"line":9,"column":18},"end":{"line":9,"column":null}},"line":9}},"branchMap":{},"s":{"0":4,"1":12,"2":4,"3":4,"4":8,"5":1},"f":{"0":4,"1":8,"2":1},"b":{},"meta":{"lastBranch":0,"lastFunction":3,"lastStatement":6,"seen":{"s:20:23:20:Infinity":0,"s:3:9:3:Infinity":1,"s:2:2:9:Infinity":2,"f:6:10:6:17":0,"s:6:33:9:Infinity":3,"f:6:32:6:33":1,"s:5:8:9:Infinity":4,"f:9:16:9:18":2,"s:9:18:9:Infinity":5}}}
,"C:\\workspace\\lumia-ops\\client\\src\\components\\common\\ToastItem.vue": {"path":"C:\\workspace\\lumia-ops\\client\\src\\components\\common\\ToastItem.vue","statementMap":{"0":{"start":{"line":20,"column":14},"end":{"line":20,"column":null}},"1":{"start":{"line":26,"column":6},"end":{"line":34,"column":null}},"2":{"start":{"line":27,"column":16},"end":{"line":32,"column":null}},"3":{"start":{"line":33,"column":2},"end":{"line":33,"column":null}},"4":{"start":{"line":4,"column":10},"end":{"line":4,"column":35}},"5":{"start":{"line":2,"column":2},"end":{"line":6,"column":22}},"6":{"start":{"line":5,"column":40},"end":{"line":5,"column":56}}},"fnMap":{"0":{"name":"(anonymous_0)","decl":{"start":{"line":26,"column":31},"end":{"line":26,"column":37}},"loc":{"start":{"line":26,"column":37},"end":{"line":34,"column":1}},"line":26},"1":{"name":"(anonymous_1)","decl":{"start":{"line":5,"column":38},"end":{"line":5,"column":40}},"loc":{"start":{"line":5,"column":40},"end":{"line":5,"column":56}},"line":5}},"branchMap":{"0":{"loc":{"start":{"line":5,"column":38},"end":{"line":5,"column":56}},"type":"binary-expr","locations":[{"start":{"line":5,"column":38},"end":{"line":5,"column":40}},{"start":{"line":5,"column":38},"end":{"line":5,"column":56}}],"line":5}},"s":{"0":7,"1":7,"2":7,"3":7,"4":13,"5":7,"6":1},"f":{"0":7,"1":1},"b":{"0":[7,7]},"meta":{"lastBranch":0,"lastFunction":0,"lastStatement":0,"seen":{}}}
,"C:\\workspace\\lumia-ops\\client\\src\\components\\scrim\\ScrimFormModal.vue": {"path":"C:\\workspace\\lumia-ops\\client\\src\\components\\scrim\\ScrimFormModal.vue","statementMap":{"0":{"start":{"line":89,"column":14},"end":{"line":89,"column":null}},"1":{"start":{"line":93,"column":13},"end":{"line":93,"column":null}},"2":{"start":{"line":98,"column":6},"end":{"line":98,"column":null}},"3":{"start":{"line":100,"column":6},"end":{"line":100,"column":null}},"4":{"start":{"line":101,"column":6},"end":{"line":101,"column":null}},"5":{"start":{"line":102,"column":6},"end":{"line":102,"column":null}},"6":{"start":{"line":104,"column":6},"end":{"line":110,"column":null}},"7":{"start":{"line":112,"column":6},"end":{"line":115,"column":null}},"8":{"start":{"line":118,"column":0},"end":{"line":134,"column":null}},"9":{"start":{"line":118,"column":12},"end":{"line":118,"column":25}},"10":{"start":{"line":119,"column":2},"end":{"line":133,"column":null}},"11":{"start":{"line":120,"column":4},"end":{"line":120,"column":null}},"12":{"start":{"line":121,"column":4},"end":{"line":121,"column":null}},"13":{"start":{"line":122,"column":4},"end":{"line":122,"column":null}},"14":{"start":{"line":123,"column":4},"end":{"line":123,"column":null}},"15":{"start":{"line":124,"column":4},"end":{"line":124,"column":null}},"16":{"start":{"line":125,"column":4},"end":{"line":125,"column":null}},"17":{"start":{"line":127,"column":4},"end":{"line":127,"column":null}},"18":{"start":{"line":128,"column":4},"end":{"line":128,"column":null}},"19":{"start":{"line":129,"column":4},"end":{"line":129,"column":null}},"20":{"start":{"line":130,"column":4},"end":{"line":130,"column":null}},"21":{"start":{"line":131,"column":4},"end":{"line":131,"column":null}},"22":{"start":{"line":132,"column":4},"end":{"line":132,"column":null}},"23":{"start":{"line":137,"column":2},"end":{"line":137,"column":null}},"24":{"start":{"line":138,"column":2},"end":{"line":138,"column":null}},"25":{"start":{"line":139,"column":14},"end":{"line":139,"column":null}},"26":{"start":{"line":141,"column":2},"end":{"line":144,"column":null}},"27":{"start":{"line":142,"column":4},"end":{"line":142,"column":null}},"28":{"start":{"line":143,"column":4},"end":{"line":143,"column":null}},"29":{"start":{"line":146,"column":2},"end":{"line":149,"column":null}},"30":{"start":{"line":147,"column":4},"end":{"line":147,"column":null}},"31":{"start":{"line":148,"column":4},"end":{"line":148,"column":null}},"32":{"start":{"line":151,"column":2},"end":{"line":151,"column":null}},"33":{"start":{"line":155,"column":2},"end":{"line":155,"column":null}},"34":{"start":{"line":155,"column":19},"end":{"line":155,"column":null}},"35":{"start":{"line":157,"column":2},"end":{"line":157,"column":null}},"36":{"start":{"line":159,"column":2},"end":{"line":182,"column":null}},"37":{"start":{"line":160,"column":17},"end":{"line":166,"column":null}},"38":{"start":{"line":170,"column":4},"end":{"line":174,"column":null}},"39":{"start":{"line":171,"column":6},"end":{"line":171,"column":null}},"40":{"start":{"line":173,"column":6},"end":{"line":173,"column":null}},"41":{"start":{"line":176,"column":4},"end":{"line":179,"column":null}},"42":{"start":{"line":177,"column":6},"end":{"line":177,"column":null}},"43":{"start":{"line":178,"column":6},"end":{"line":178,"column":null}},"44":{"start":{"line":181,"column":4},"end":{"line":181,"column":null}},"45":{"start":{"line":186,"column":2},"end":{"line":186,"column":null}},"46":{"start":{"line":187,"column":2},"end":{"line":187,"column":null}},"47":{"start":{"line":8,"column":11},"end":{"line":8,"column":null}},"48":{"start":{"line":19,"column":11},"end":{"line":19,"column":null}},"49":{"start":{"line":20,"column":13},"end":{"line":20,"column":null}},"50":{"start":{"line":32,"column":13},"end":{"line":32,"column":null}},"51":{"start":{"line":43,"column":11},"end":{"line":43,"column":null}},"52":{"start":{"line":53,"column":11},"end":{"line":53,"column":null}},"53":{"start":{"line":2,"column":2},"end":{"line":57,"column":null}},"54":{"start":{"line":3,"column":13},"end":{"line":3,"column":null}},"55":{"start":{"line":69,"column":15},"end":{"line":72,"column":47}},"56":{"start":{"line":69,"column":6},"end":{"line":69,"column":15}},"57":{"start":{"line":71,"column":27},"end":{"line":72,"column":47}},"58":{"start":{"line":64,"column":11},"end":{"line":57,"column":null}},"59":{"start":{"line":12,"column":19},"end":{"line":12,"column":null}},"60":{"start":{"line":24,"column":21},"end":{"line":24,"column":null}},"61":{"start":{"line":36,"column":21},"end":{"line":36,"column":null}},"62":{"start":{"line":47,"column":19},"end":{"line":47,"column":null}},"63":{"start":{"line":57,"column":19},"end":{"line":57,"column":null}}},"fnMap":{"0":{"name":"(anonymous_0)","decl":{"start":{"line":118,"column":6},"end":{"line":118,"column":12}},"loc":{"start":{"line":118,"column":12},"end":{"line":118,"column":25}},"line":118},"1":{"name":"(anonymous_1)","decl":{"start":{"line":118,"column":25},"end":{"line":118,"column":26}},"loc":{"start":{"line":118,"column":36},"end":{"line":134,"column":3}},"line":118},"2":{"name":"validate","decl":{"start":{"line":136,"column":9},"end":{"line":136,"column":29}},"loc":{"start":{"line":136,"column":29},"end":{"line":152,"column":null}},"line":136},"3":{"name":"handleSubmit","decl":{"start":{"line":154,"column":15},"end":{"line":154,"column":30}},"loc":{"start":{"line":154,"column":30},"end":{"line":183,"column":null}},"line":154},"4":{"name":"close","decl":{"start":{"line":185,"column":9},"end":{"line":185,"column":17}},"loc":{"start":{"line":185,"column":17},"end":{"line":188,"column":null}},"line":185},"5":{"name":"(anonymous_5)","decl":{"start":{"line":3,"column":13},"end":{"line":3,"column":19}},"loc":{"start":{"line":3,"column":13},"end":{"line":3,"column":null}},"line":3},"6":{"name":"(anonymous_6)","decl":{"start":{"line":67,"column":6},"end":{"line":67,"column":14}},"loc":{"start":{"line":69,"column":15},"end":{"line":72,"column":47}},"line":69},"7":{"name":"(anonymous_7)","decl":{"start":{"line":67,"column":71},"end":{"line":67,"column":null}},"loc":{"start":{"line":69,"column":6},"end":{"line":69,"column":15}},"line":69},"8":{"name":"(anonymous_8)","decl":{"start":{"line":71,"column":8},"end":{"line":71,"column":15}},"loc":{"start":{"line":71,"column":27},"end":{"line":72,"column":47}},"line":71},"9":{"name":"(anonymous_9)","decl":{"start":{"line":7,"column":4},"end":{"line":7,"column":10}},"loc":{"start":{"line":64,"column":11},"end":{"line":57,"column":null}},"line":64},"10":{"name":"(anonymous_10)","decl":{"start":{"line":12,"column":24},"end":{"line":12,"column":29}},"loc":{"start":{"line":12,"column":19},"end":{"line":12,"column":null}},"line":12},"11":{"name":"(anonymous_11)","decl":{"start":{"line":23,"column":15},"end":{"line":23,"column":null}},"loc":{"start":{"line":24,"column":21},"end":{"line":24,"column":null}},"line":24},"12":{"name":"(anonymous_12)","decl":{"start":{"line":36,"column":26},"end":{"line":36,"column":42}},"loc":{"start":{"line":36,"column":21},"end":{"line":36,"column":null}},"line":36},"13":{"name":"(anonymous_13)","decl":{"start":{"line":47,"column":24},"end":{"line":47,"column":31}},"loc":{"start":{"line":47,"column":19},"end":{"line":47,"column":null}},"line":47},"14":{"name":"(anonymous_14)","decl":{"start":{"line":56,"column":13},"end":{"line":56,"column":null}},"loc":{"start":{"line":57,"column":19},"end":{"line":57,"column":null}},"line":57}},"branchMap":{"0":{"loc":{"start":{"line":119,"column":2},"end":{"line":133,"column":null}},"type":"if","locations":[{"start":{"line":119,"column":2},"end":{"line":133,"column":null}},{"start":{"line":126,"column":9},"end":{"line":133,"column":null}}],"line":119},"1":{"loc":{"start":{"line":123,"column":28},"end":{"line":123,"column":null}},"type":"binary-expr","locations":[{"start":{"line":123,"column":28},"end":{"line":123,"column":54}},{"start":{"line":123,"column":54},"end":{"line":123,"column":null}}],"line":123},"2":{"loc":{"start":{"line":124,"column":19},"end":{"line":124,"column":null}},"type":"binary-expr","locations":[{"start":{"line":124,"column":19},"end":{"line":124,"column":36}},{"start":{"line":124,"column":36},"end":{"line":124,"column":null}}],"line":124},"3":{"loc":{"start":{"line":125,"column":17},"end":{"line":125,"column":null}},"type":"binary-expr","locations":[{"start":{"line":125,"column":17},"end":{"line":125,"column":32}},{"start":{"line":125,"column":32},"end":{"line":125,"column":null}}],"line":125},"4":{"loc":{"start":{"line":141,"column":2},"end":{"line":144,"column":null}},"type":"if","locations":[{"start":{"line":141,"column":2},"end":{"line":144,"column":null}},{"start":{},"end":{}}],"line":141},"5":{"loc":{"start":{"line":146,"column":2},"end":{"line":149,"column":null}},"type":"if","locations":[{"start":{"line":146,"column":2},"end":{"line":149,"column":null}},{"start":{},"end":{}}],"line":146},"6":{"loc":{"start":{"line":155,"column":2},"end":{"line":155,"column":null}},"type":"if","locations":[{"start":{"line":155,"column":2},"end":{"line":155,"column":null}},{"start":{},"end":{}}],"line":155},"7":{"loc":{"start":{"line":163,"column":24},"end":{"line":163,"column":null}},"type":"binary-expr","locations":[{"start":{"line":163,"column":24},"end":{"line":163,"column":49}},{"start":{"line":163,"column":49},"end":{"line":163,"column":null}}],"line":163},"8":{"loc":{"start":{"line":164,"column":15},"end":{"line":164,"column":null}},"type":"binary-expr","locations":[{"start":{"line":164,"column":15},"end":{"line":164,"column":31}},{"start":{"line":164,"column":31},"end":{"line":164,"column":null}}],"line":164},"9":{"loc":{"start":{"line":165,"column":13},"end":{"line":165,"column":null}},"type":"binary-expr","locations":[{"start":{"line":165,"column":13},"end":{"line":165,"column":27}},{"start":{"line":165,"column":27},"end":{"line":165,"column":null}}],"line":165},"10":{"loc":{"start":{"line":170,"column":4},"end":{"line":174,"column":null}},"type":"if","locations":[{"start":{"line":170,"column":4},"end":{"line":174,"column":null}},{"start":{"line":172,"column":11},"end":{"line":174,"column":null}}],"line":170},"11":{"loc":{"start":{"line":170,"column":8},"end":{"line":170,"column":37}},"type":"binary-expr","locations":[{"start":{"line":170,"column":8},"end":{"line":170,"column":24}},{"start":{"line":170,"column":24},"end":{"line":170,"column":37}}],"line":170},"12":{"loc":{"start":{"line":176,"column":4},"end":{"line":179,"column":null}},"type":"if","locations":[{"start":{"line":176,"column":4},"end":{"line":179,"column":null}},{"start":{},"end":{}}],"line":176},"13":{"loc":{"start":{"line":3,"column":13},"end":{"line":3,"column":null}},"type":"binary-expr","locations":[{"start":{"line":3,"column":13},"end":{"line":3,"column":19}},{"start":{"line":3,"column":13},"end":{"line":3,"column":null}}],"line":3},"14":{"loc":{"start":{"line":4,"column":12},"end":{"line":4,"column":null}},"type":"cond-expr","locations":[{"start":{"line":4,"column":18},"end":{"line":4,"column":null}},{"start":{"line":4,"column":18},"end":{"line":4,"column":null}}],"line":4},"15":{"loc":{"start":{"line":69,"column":6},"end":{"line":69,"column":15}},"type":"binary-expr","locations":[{"start":{"line":69,"column":6},"end":{"line":69,"column":15}},{"start":{"line":69,"column":6},"end":{"line":69,"column":15}}],"line":69},"16":{"loc":{"start":{"line":72,"column":17},"end":{"line":72,"column":47}},"type":"cond-expr","locations":[{"start":{"line":72,"column":23},"end":{"line":72,"column":47}},{"start":{"line":72,"column":23},"end":{"line":72,"column":47}}],"line":72},"17":{"loc":{"start":{"line":17,"column":12},"end":{"line":9,"column":44}},"type":"binary-expr","locations":[{"start":{"line":17,"column":12},"end":{"line":17,"column":null}},{"start":{"line":17,"column":12},"end":{"line":9,"column":44}}],"line":17},"18":{"loc":{"start":{"line":12,"column":24},"end":{"line":12,"column":null}},"type":"binary-expr","locations":[{"start":{"line":12,"column":24},"end":{"line":12,"column":29}},{"start":{"line":12,"column":24},"end":{"line":12,"column":null}}],"line":12},"19":{"loc":{"start":{"line":30,"column":14},"end":{"line":21,"column":50}},"type":"binary-expr","locations":[{"start":{"line":30,"column":14},"end":{"line":30,"column":null}},{"start":{"line":30,"column":14},"end":{"line":21,"column":50}}],"line":30},"20":{"loc":{"start":{"line":23,"column":15},"end":{"line":24,"column":null}},"type":"binary-expr","locations":[{"start":{"line":23,"column":15},"end":{"line":23,"column":null}},{"start":{"line":23,"column":15},"end":{"line":24,"column":null}}],"line":23},"21":{"loc":{"start":{"line":29,"column":22},"end":{"line":29,"column":92}},"type":"cond-expr","locations":[{"start":{"line":29,"column":29},"end":{"line":29,"column":92}},{"start":{"line":29,"column":82},"end":{"line":29,"column":92}}],"line":29},"22":{"loc":{"start":{"line":40,"column":14},"end":{"line":33,"column":52}},"type":"binary-expr","locations":[{"start":{"line":40,"column":14},"end":{"line":40,"column":null}},{"start":{"line":40,"column":14},"end":{"line":33,"column":52}}],"line":40},"23":{"loc":{"start":{"line":36,"column":26},"end":{"line":36,"column":null}},"type":"binary-expr","locations":[{"start":{"line":36,"column":26},"end":{"line":36,"column":42}},{"start":{"line":36,"column":26},"end":{"line":36,"column":null}}],"line":36},"24":{"loc":{"start":{"line":51,"column":12},"end":{"line":44,"column":38}},"type":"binary-expr","locations":[{"start":{"line":51,"column":12},"end":{"line":51,"column":null}},{"start":{"line":51,"column":12},"end":{"line":44,"column":38}}],"line":51},"25":{"loc":{"start":{"line":47,"column":24},"end":{"line":47,"column":null}},"type":"binary-expr","locations":[{"start":{"line":47,"column":24},"end":{"line":47,"column":31}},{"start":{"line":47,"column":24},"end":{"line":47,"column":null}}],"line":47},"26":{"loc":{"start":{"line":63,"column":12},"end":{"line":54,"column":37}},"type":"binary-expr","locations":[{"start":{"line":63,"column":12},"end":{"line":63,"column":null}},{"start":{"line":63,"column":12},"end":{"line":54,"column":37}}],"line":63},"27":{"loc":{"start":{"line":56,"column":13},"end":{"line":57,"column":null}},"type":"binary-expr","locations":[{"start":{"line":56,"column":13},"end":{"line":56,"column":null}},{"start":{"line":56,"column":13},"end":{"line":57,"column":null}}],"line":56}},"s":{"0":5,"1":5,"2":5,"3":5,"4":5,"5":5,"6":5,"7":5,"8":5,"9":5,"10":5,"11":1,"12":1,"13":1,"14":1,"15":1,"16":1,"17":4,"18":4,"19":4,"20":4,"21":4,"22":4,"23":0,"24":0,"25":0,"26":0,"27":0,"28":0,"29":0,"30":0,"31":0,"32":0,"33":0,"34":0,"35":0,"36":0,"37":0,"38":0,"39":0,"40":0,"41":0,"42":0,"43":0,"44":0,"45":1,"46":1,"47":2,"48":2,"49":2,"50":2,"51":2,"52":2,"53":6,"54":0,"55":6,"56":5,"57":5,"58":6,"59":0,"60":0,"61":0,"62":0,"63":0},"f":{"0":5,"1":5,"2":0,"3":0,"4":1,"5":0,"6":6,"7":5,"8":5,"9":6,"10":0,"11":0,"12":0,"13":0,"14":0},"b":{"0":[1,4],"1":[1,1],"2":[1,1],"3":[1,1],"4":[0,0],"5":[0,0],"6":[0,0],"7":[0,0],"8":[0,0],"9":[0,0],"10":[0,0],"11":[0,0],"12":[0,0],"13":[6,5],"14":[1,5],"15":[5,5],"16":[1,4],"17":[6,5],"18":[6,5],"19":[6,5],"20":[6,5],"21":[0,6],"22":[6,5],"23":[6,5],"24":[6,5],"25":[6,5],"26":[6,5],"27":[6,5]},"meta":{"lastBranch":0,"lastFunction":0,"lastStatement":0,"seen":{}}}
,"C:\\workspace\\lumia-ops\\client\\src\\components\\team\\PendingInvitations.vue": {"path":"C:\\workspace\\lumia-ops\\client\\src\\components\\team\\PendingInvitations.vue","statementMap":{"0":{"start":{"line":76,"column":14},"end":{"line":76,"column":null}},"1":{"start":{"line":78,"column":6},"end":{"line":78,"column":null}},"2":{"start":{"line":80,"column":6},"end":{"line":80,"column":null}},"3":{"start":{"line":81,"column":6},"end":{"line":81,"column":null}},"4":{"start":{"line":82,"column":6},"end":{"line":82,"column":null}},"5":{"start":{"line":84,"column":0},"end":{"line":86,"column":null}},"6":{"start":{"line":85,"column":2},"end":{"line":85,"column":null}},"7":{"start":{"line":89,"column":2},"end":{"line":89,"column":null}},"8":{"start":{"line":90,"column":2},"end":{"line":97,"column":null}},"9":{"start":{"line":91,"column":4},"end":{"line":91,"column":null}},"10":{"start":{"line":93,"column":14},"end":{"line":93,"column":null}},"11":{"start":{"line":94,"column":4},"end":{"line":94,"column":null}},"12":{"start":{"line":96,"column":4},"end":{"line":96,"column":null}},"13":{"start":{"line":101,"column":2},"end":{"line":101,"column":null}},"14":{"start":{"line":105,"column":2},"end":{"line":105,"column":null}},"15":{"start":{"line":109,"column":2},"end":{"line":109,"column":null}},"16":{"start":{"line":110,"column":2},"end":{"line":118,"column":null}},"17":{"start":{"line":111,"column":4},"end":{"line":111,"column":null}},"18":{"start":{"line":112,"column":4},"end":{"line":112,"column":null}},"19":{"start":{"line":114,"column":14},"end":{"line":114,"column":null}},"20":{"start":{"line":115,"column":4},"end":{"line":115,"column":null}},"21":{"start":{"line":117,"column":4},"end":{"line":117,"column":null}},"22":{"start":{"line":122,"column":2},"end":{"line":122,"column":null}},"23":{"start":{"line":122,"column":64},"end":{"line":122,"column":null}},"24":{"start":{"line":124,"column":2},"end":{"line":131,"column":null}},"25":{"start":{"line":125,"column":4},"end":{"line":125,"column":null}},"26":{"start":{"line":126,"column":4},"end":{"line":126,"column":null}},"27":{"start":{"line":126,"column":54},"end":{"line":126,"column":76}},"28":{"start":{"line":127,"column":4},"end":{"line":127,"column":null}},"29":{"start":{"line":129,"column":14},"end":{"line":129,"column":null}},"30":{"start":{"line":130,"column":4},"end":{"line":130,"column":null}},"31":{"start":{"line":135,"column":0},"end":{"line":135,"column":null}},"32":{"start":{"line":2,"column":7},"end":{"line":2,"column":null}},"33":{"start":{"line":3,"column":9},"end":{"line":3,"column":null}},"34":{"start":{"line":24,"column":15},"end":{"line":24,"column":null}},"35":{"start":{"line":25,"column":17},"end":{"line":25,"column":null}},"36":{"start":{"line":29,"column":17},"end":{"line":29,"column":null}},"37":{"start":{"line":30,"column":20},"end":{"line":30,"column":47}},"38":{"start":{"line":31,"column":20},"end":{"line":31,"column":47}},"39":{"start":{"line":34,"column":15},"end":{"line":34,"column":null}},"40":{"start":{"line":2,"column":2},"end":{"line":58,"column":50}},"41":{"start":{"line":9,"column":32},"end":{"line":9,"column":32}},"42":{"start":{"line":14,"column":6},"end":{"line":14,"column":64}},"43":{"start":{"line":19,"column":8},"end":{"line":50,"column":30}},"44":{"start":{"line":39,"column":22},"end":{"line":39,"column":null}},"45":{"start":{"line":42,"column":33},"end":{"line":42,"column":33}},"46":{"start":{"line":47,"column":22},"end":{"line":47,"column":null}},"47":{"start":{"line":50,"column":30},"end":{"line":50,"column":30}}},"fnMap":{"0":{"name":"(anonymous_0)","decl":{"start":{"line":84,"column":10},"end":{"line":84,"column":16}},"loc":{"start":{"line":84,"column":16},"end":{"line":86,"column":1}},"line":84},"1":{"name":"fetchInvitations","decl":{"start":{"line":88,"column":15},"end":{"line":88,"column":34}},"loc":{"start":{"line":88,"column":34},"end":{"line":98,"column":null}},"line":88},"2":{"name":"refresh","decl":{"start":{"line":100,"column":9},"end":{"line":100,"column":19}},"loc":{"start":{"line":100,"column":19},"end":{"line
[...]
,"C:\\workspace\\lumia-ops\\client\\src\\views\\TeamView.vue": {"path":"C:\\workspace\\lumia-ops\\client\\src\\views\\TeamView.vue","statementMap":{"0":{"start":{"line":154,"column":6},"end":{"line":154,"column":null}},"1":{"start":{"line":155,"column":16},"end":{"line":155,"column":null}},"2":{"start":{"line":157,"column":6},"end":{"line":157,"column":null}},"3":{"start":{"line":159,"column":71},"end":{"line":159,"column":null}},"4":{"start":{"line":161,"column":6},"end":{"line":161,"column":null}},"5":{"start":{"line":162,"column":6},"end":{"line":162,"column":null}},"6":{"start":{"line":163,"column":6},"end":{"line":163,"column":null}},"7":{"start":{"line":164,"column":6},"end":{"line":164,"column":null}},"8":{"start":{"line":166,"column":0},"end":{"line":168,"column":null}},"9":{"start":{"line":167,"column":2},"end":{"line":167,"column":null}},"10":{"start":{"line":171,"column":2},"end":{"line":176,"column":null}},"11":{"start":{"line":172,"column":18},"end":{"line":172,"column":null}},"12":{"start":{"line":173,"column":18},"end":{"line":173,"column":null}},"13":{"start":{"line":174,"column":19},"end":{"line":174,"column":null}},"14":{"start":{"line":175,"column":13},"end":{"line":175,"column":null}},"15":{"start":{"line":180,"column":2},"end":{"line":180,"column":null}},"16":{"start":{"line":184,"column":2},"end":{"line":184,"column":null}},"17":{"start":{"line":185,"column":2},"end":{"line":185,"column":null}},"18":{"start":{"line":186,"column":2},"end":{"line":186,"column":null}},"19":{"start":{"line":187,"column":2},"end":{"line":187,"column":null}},"20":{"start":{"line":191,"column":2},"end":{"line":191,"column":null}},"21":{"start":{"line":195,"column":2},"end":{"line":195,"column":null}},"22":{"start":{"line":196,"column":2},"end":{"line":196,"column":null}},"23":{"start":{"line":200,"column":2},"end":{"line":200,"column":null}},"24":{"start":{"line":200,"column":26},"end":{"line":200,"column":null}},"25":{"start":{"line":202,"column":20},"end":{"line":208,"column":null}},"26":{"start":{"line":210,"column":2},"end":{"line":212,"column":null}},"27":{"start":{"line":211,"column":4},"end":{"line":211,"column":null}},"28":{"start":{"line":216,"column":20},"end":{"line":222,"column":null}},"29":{"start":{"line":224,"column":2},"end":{"line":226,"column":null}},"30":{"start":{"line":225,"column":4},"end":{"line":225,"column":null}},"31":{"start":{"line":230,"column":2},"end":{"line":230,"column":null}},"32":{"start":{"line":2,"column":7},"end":{"line":2,"column":null}},"33":{"start":{"line":3,"column":9},"end":{"line":3,"column":null}},"34":{"start":{"line":30,"column":17},"end":{"line":30,"column":null}},"35":{"start":{"line":32,"column":17},"end":{"line":32,"column":null}},"36":{"start":{"line":33,"column":19},"end":{"line":33,"column":null}},"37":{"start":{"line":36,"column":19},"end":{"line":36,"column":null}},"38":{"start":{"line":52,"column":17},"end":{"line":52,"column":null}},"39":{"start":{"line":53,"column":15},"end":{"line":53,"column":null}},"40":{"start":{"line":64,"column":15},"end":{"line":64,"column":null}},"41":{"start":{"line":66,"column":19},"end":{"line":66,"column":null}},"42":{"start":{"line":67,"column":21},"end":{"line":67,"column":null}},"43":{"start":{"line":70,"column":21},"end":{"line":70,"column":null}},"44":{"start":{"line":71,"column":24},"end":{"line":71,"column":47}},"45":{"start":{"line":96,"column":17},"end":{"line":96,"column":null}},"46":{"start":{"line":97,"column":15},"end":{"line":97,"column":null}},"47":{"start":{"line":102,"column":15},"end":{"line":102,"column":null}},"48":{"start":{"line":2,"column":2},"end":{"line":136,"column":null}},"49":{"start":{"line":13,"column":19},"end":{"line":16,"column":29}},"50":{"start":{"line":10,"column":60},"end":{"line":10,"column":null}},"51":{"start":{"line":11,"column":31},"end":{"line":12,"column":29}},"52":{"start":{"line":15,"column":31},"end":{"line":16,"column":29}},"53":{"start":{"line":24,"column":10},"end":{"line":24,"column":50}},"54":{"start":{"line":48,"column":18},"end":{"line":45,"column":39}},"55":{"start":{"line":42,"column":37},"end":{"line":42,"column":37}},"56":{"start":{"line":45,"column":39},"end":{"line":45,"column":39}},"57":{"start":{"line":58,"column":73},"end":{"line":58,"column":null}},"58":{"start":{"line":59,"column":37},"end":{"line":60,"column":29}},"59":{"start":{"line":65,"column":12},"end":{"line":73,"column":null}},"60":{"start":{"line":76,"column":20},"end":{"line":73,"column":null}},"61":{"start":{"line":88,"column":33},"end":{"line":89,"column":29}},"62":{"start":{"line":103,"column":46},"end":{"line":103,"column":null}},"63":{"start":{"line":104,"column":33},"end":{"line":105,"column":33}},"64":{"start":{"line":107,"column":48},"end":{"line":107,"column":null}},"65":{"start":{"line":108,"column":37},"end":{"line":109,"column":35}},"66":{"start":{"line":128,"column":14},"end":{"line":128,"column":null}},"67":{"start":{"line":135,"column":14},"end":{"line":135,"column":null}}},"fnMap":{"0":{"name":"(anonymous_0)","decl":{"start":{"line":166,"column":10},"end":{"line":166,"column":16}},"loc":{"start":{"line":166,"column":16},"end":{"line":168,"column":1}},"line":166},"1":{"name":"getRoleLabel","decl":{"start":{"line":170,"column":9},"end":{"line":170,"column":22}},"loc":{"start":{"line":170,"column":46},"end":{"line":177,"column":null}},"line":170},"2":{"name":"editTeam","decl":{"start":{"line":179,"column":9},"end":{"line":179,"column":20}},"loc":{"start":{"line":179,"column":20},"end":{"line":181,"column":null}},"line":179},"3":{"name":"closeModals","decl":{"start":{"line":183,"column":9},"end":{"line":183,"column":23}},"loc":{"start":{"line":183,"column":23},"end":{"line":188,"column":null}},"line":183},"4":{"name":"handleTeamSaved","decl":{"start":{"line":190,"column":9},"end":{"line":190,"column":25}},"loc":{"start":{"line":190,"column":38},"end":{"line":192,"column":null}},"line":190},"5":{"name":"handleInvited","decl":{"start":{"line":194,"column":9},"end":{"line":194,"column":25}},"loc":{"start":{"line":194,"column":25},"end":{"line":197,"column":null}},"line":194},"6":{"name":"confirmDelete","decl":{"start":{"line":199,"column":15},"end":{"line":199,"column":31}},"loc":{"start":{"line":199,"column":31},"end":{"line":213,"column":null}},"line":199},"7":{"name":"confirmLeave","decl":{"start":{"line":215,"column":15},"end":{"line":215,"column":30}},"loc":{"start":{"line":215,"column":30},"end":{"line":227,"column":null}},"line":215},"8":{"name":"handleJoinedTeam","decl":{"start":{"line":229,"column":9},"end":{"line":229,"column":26}},"loc":{"start":{"line":229,"column":43},"end":{"line":231,"column":null}},"line":229},"9":{"name":"(anonymous_9)","decl":{"start":{"line":10,"column":10},"end":{"line":10,"column":25}},"loc":{"start":{"line":13,"column":19},"end":{"line":16,"column":29}},"line":13},"10":{"name":"(anonymous_10)","decl":{"start":{"line":10,"column":58},"end":{"line":10,"column":60}},"loc":{"start":{"line":10,"column":60},"end":{"line":10,"column":null}},"line":10},"11":{"name":"(anonymous_11)","decl":{"start":{"line":11,"column":12},"end":{"line":11,"column":19}},"loc":{"start":{"line":11,"column":31},"end":{"line":12,"column":29}},"line":11},"12":{"name":"(anonymous_12)","decl":{"start":{"line":15,"column":12},"end":{"line":15,"column":19}},"loc":{"start":{"line":15,"column":31},"end":{"line":16,"column":29}},"line":15},"13":{"name":"(anonymous_13)","decl":{"start":{"line":24,"column":37},"end":{"line":24,"column":40}},"loc":{"start":{"line":24,"column":32},"end":{"line":24,"column":50}},"line":24},"14":{"name":"(anonymous_14)","decl":{"start":{"line":32,"column":12},"end":{"line":32,"column":17}},"loc":{"start":{"line":48,"column":18},"end":{"line":45,"column":39}},"line":48},"15":{"name":"(anonymous_15)","decl":{"start":{"line":42,"column":18},"end":{"line":42,"column":25}},"loc":{"start":{"line":42,"column":37},"end":{"line":42,"column":37}},"line":42},"16":{"name":"(anonymous_16)","decl":{"start":{"line":45,"column":18},"end":{"line":45,"column":27}},"loc":{"start":{"line":45,"column":39},"end":{"line":45,"column":39}},"line":45},"17":{"name":"(anonymous_17)","decl":{"start":{"line":58,"column":71},"end":{"line":58,"column":73}},"loc":{"start":{"line":58,"column":73},"end":{"line":58,"column":null}},"line":58},"18":{"name":"(anonymous_18)","decl":{"start":{"line":59,"column":14},"end":{"line":59,"column":25}},"loc":{"start":{"line":59,"column":37},"end":{"line":60,"column":29}},"line":59},"19":{"name":"(anonymous_19)","decl":{"start":{"line":65,"column":54},"end":{"line":65,"column":57}},"loc":{"start":{"line":65,"column":31},"end":{"line":73,"column":null}},"line":65},"20":{"name":"(anonymous_20)","decl":{"start":{"line":66,"column":14},"end":{"line":66,"column":19}},"loc":{"start":{"line":76,"column":20},"end":{"line":73,"column":null}},"line":76},"21":{"name":"(anonymous_21)","decl":{"start":{"line":88,"column":12},"end":{"line":88,"column":21}},"loc":{"start":{"line":88,"column":33},"end":{"line":89,"column":29}},"line":88},"22":{"name":"(anonymous_22)","decl":{"start":{"line":103,"column":44},"end":{"line":103,"column":46}},"loc":{"start":{"line":103,"column":46},"end":{"line":103,"column":null}},"line":103},"23":{"name":"(anonymous_23)","decl":{"start":{"line":104,"column":14},"end":{"line":104,"column":21}},"loc":{"start":{"line":104,"column":33},"end":{"line":105,"column":33}},"line":104},"24":{"name":"(anonymous_24)","decl":{"start":{"line":107,"column":46},"end":{"line":107,"column":48}},"loc":{"start":{"line":107,"column":48},"end":{"line":107,"column":null}},"line":107},"25":{"name":"(anonymous_25)","decl":{"start":{"line":108,"column":14},"end":{"line":108,"column":25}},"loc":{"start":{"line":108,"column":37},"end":{"line":109,"column":35}},"line":108},"26":{"name":"(anonymous_26)","decl":{"start":{"line":128,"column":12},"end":{"line":128,"column":14}},"loc":{"start":{"line":128,"column":14},"end":{"line":128,"column":null}},"line":128},"27":{"name":"(anonymous_27)","decl":{"start":{"line":135,"column":12},"end":{"line":135,"column":14}},"loc":{"start":{"line":135,"column":14},"end":{"line":135,"column":null}},"line":135}},"branchMap":{"0":{"loc":{"start":{"line":171,"column":2},"end":{"line":176,"column":null}},"type":"switch","locations":[{"start":{"line":172,"column":4},"end":{"line":172,"column":null}},{"start":{"line":173,"column":4},"end":{"line":173,"column":null}},{"start":{"line":174,"column":4},"end":{"line":174,"column":null}},{"start":{"line":175,"column":4},"end":{"line":175,"column":null}}],"line":171},"1":{"loc":{"start":{"line":200,"column":2},"end":{"line":200,"column":null}},"type":"if","locations":[{"start":{"line":200,"column":2},"end":{"line":200,"column":null}},{"start":{},"end":{}}],"line":200},"2":{"loc":{"start":{"line":210,"column":2},"end":{"line":212,"column":null}},"type":"if","locations":[{"start":{"line":210,"column":2},"end":{"line":212,"column":null}},{"start":{},"end":{}}],"line":210},"3":{"loc":{"start":{"line":224,"column":2},"end":{"line":226,"column":null}},"type":"if","locations":[{"start":{"line":224,"column":2},"end":{"line":226,"column":null}},{"start":{},"end":{}}],"line":224},"4":{"loc":{"start":{"line":13,"column":19},"end":{"line":16,"column":29}},"type":"cond-expr","locations":[{"start":{"line":10,"column":25},"end":{"line":14,"column":38}},{"start":{"line":14,"column":29},"end":{"line":16,"column":29}}],"line":13},"5":{"loc":{"start":{"line":10,"column":58},"end":{"line":10,"column":null}},"type":"binary-expr","locations":[{"start":{"line":10,"column":58},"end":{"line":10,"column":60}},{"start":{"line":10,"column":58},"end":{"line":10,"column":null}}],"line":10},"6":{"loc":{"start":{"line":11,"column":27},"end":{"line":12,"column":29}},"type":"binary-expr","locations":[{"start":{"line":11,"column":27},"end":{"line":11,"column":31}},{"start":{"line":11,"column":27},"end":{"line":12,"column":29}}],"line":11},"7":{"loc":{"start":{"line":14,"column":29},"end":{"line":16,"column":29}},"type":"cond-expr","locations":[{"start":{"line":14,"column":29},"end":{"line":16,"column":29}}],"line":14},"8":{"loc":{"start":{"line":15,"column":27},"end":{"line":16,"column":29}},"type":"binary-expr","locations":[{"start":{"line":15,"column":27},"end":{"line":15,"column":31}},{"start":{"line":15,"column":27},"end":{"line":16,"column":29}}],"line":15},"9":{"loc":{"start":{"line":22,"column":22},"end":{"line":109,"column":35}},"type":"cond-expr","locations":[{"start":{"line":22,"column":22},"end":{"line":29,"column":null}},{"start":{"line":29,"column":27},"end":{"line":109,"column":35}}],"line":22},"10":{"loc":{"start":{"line":29,"column":27},"end":{"line":109,"column":35}},"type":"cond-expr","locations":[{"start":{"line":29,"column":27},"end":{"line":95,"column":null}},{"start":{"line":95,"column":6},"end":{"line":109,"column":35}}],"line":29},"11":{"loc":{"start":{"line":38,"column":25},"end":{"line":38,"column":83}},"type":"cond-expr","locations":[{"start":{"line":38,"column":37},"end":{"line":38,"column":83}},{"start":{"line":38,"column":76},"end":{"line":38,"column":83}}],"line":38},"12":{"loc":{"start":{"line":40,"column":46},"end":{"line":45,"column":39}},"type":"cond-expr","locations":[{"start":{"line":40,"column":46},"end":{"line":45,"column":39}}],"line":40},"13":{"loc":{"start":{"line":58,"column":26},"end":{"line":60,"column":29}},"type":"cond-expr","locations":[{"start":{"line":58,"column":26},"end":{"line":60,"column":29}}],"line":58},"14":{"loc":{"start":{"line":58,"column":71},"end":{"line":58,"column":null}},"type":"binary-expr","locations":[{"start":{"line":58,"column":71},"end":{"line":58,"column":73}},{"start":{"line":58,"column":71},"end":{"line":58,"column":null}}],"line":58},"15":{"loc":{"start":{"line":59,"column":33},"end":{"line":60,"column":29}},"type":"binary-expr","locations":[{"start":{"line":59,"column":33},"end":{"line":59,"column":37}},{"start":{"line":59,"column":33},"end":{"line":60,"column":29}}],"line":59},"16":{"loc":{"start":{"line":82,"column":23},"end":{"line":83,"column":86}},"type":"cond-expr","locations":[{"start":{"line":82,"column":34},"end":{"line":83,"column":86}}],"line":82},"17":{"loc":{"start":{"line":82,"column":23},"end":{"line":82,"column":47}},"type":"binary-expr","locations":[{"start":{"line":82,"column":23},"end":{"line":82,"column":34}},{"start":{"line":82,"column":34},"end":{"line":82,"column":47}}],"line":82},"18":{"loc":{"start":{"line":86,"column":40},"end":{"line":89,"column":29}},"type":"cond-expr","locations":[{"start":{"line":86,"column":40},"end":{"line":89,"column":29}}],"line":86},"19":{"loc":{"start":{"line":88,"column":29},"end":{"line":89,"column":29}},"type":"binary-expr","locations":[{"start":{"line":88,"column":29},"end":{"line":88,"column":33}},{"start":{"line":88,"column":29},"end":{"line":89,"column":29}}],"line":88},"20":{"loc":{"start":{"line":100,"column":10},"end":{"line":100,"column":29}},"type":"binary-expr","locations":[{"start":{"line":100,"column":10},"end":{"line":100,"column":14}},{"start":{"line":100,"column":10},"end":{"line":100,"column":29}}],"line":100},"21":{"loc":{"start":{"line":100,"column":24},"end":{"line":101,"column":46}},"type":"binary-expr","locations":[{"start":{"line":100,"column":24},"end":{"line":100,"column":29}},{"start":{"line":100,"column":24},"end":{"line":101,"column":46}}],"line":100},"22":{"loc":{"start":{"line":103,"column":44},"end":{"line":103,"column":null}},"type":"binary-expr","locations":[{"start":{"line":103,"column":44},"end":{"line":103,"column":46}},{"start":{"line":103,"column":44},"end":{"line":103,"column":null}}],"line":103},"23":{"loc":{"start":{"line":104,"column":29},"end":{"line":105,"column":33}},"type":"binary-expr","locations":[{"start":{"line":104,"column":29},"end":{"line":104,"column":33}},{"start":{"line":104,"column":29},"end":{"line":105,"column":33}}],"line":104},"24":{"loc":{"start":{"line":107,"column":46},"end":{"line":107,"column":null}},"type":"binary-expr","locations":[{"start":{"line":107,"column":46},"end":{"line":107,"column":48}},{"start":{"line":107,"column":46},"end":{"line":107,"column":null}}],"line":107},"25":{"loc":{"start":{"line":108,"column":33},"end":{"line":109,"column":35}},"type":"binary-expr","locations":[{"start":{"line":108,"column":33},"end":{"line":108,"column":37}},{"start":{"line":108,"column":33},"end":{"line":109,"column":35}}],"line":108},"26":{"loc":{"start":{"line":118,"column":12},"end":{"line":121,"column":null}},"type":"cond-expr","locations":[{"start":{"line":118,"column":31},"end":{"line":121,"column":null}},{"start":{"line":121,"column":14},"end":{"line":121,"column":null}}],"line":118},"27":{"loc":{"start":{"line":118,"column":12},"end":{"line":118,"column":null}},"type":"binary-expr","locations":[{"start":{"line":118,"column":12},"end":{"line":118,"column":31}},{"start":{"line":118,"column":31},"end":{"line":118,"column":null}}],"line":118},"28":{"loc":{"start":{"line":119,"column":13},"end":{"line":119,"column":null}},"type":"cond-expr","locations":[{"start":{"line":119,"column":29},"end":{"line":119,"column":40}},{"start":{"line":119,"column":40},"end":{"line":119,"column":null}}],"line":119},"29":{"loc":{"start":{"line":126,"column":12},"end":{"line":129,"column":null}},"type":"cond-expr","locations":[{"start":{"line":126,"column":31},"end":{"line":129,"column":null}},{"start":{"line":129,"column":16},"end":{"line":129,"column":null}}],"line":126},"30":{"loc":{"start":{"line":126,"column":12},"end":{"line":126,"column":null}},"type":"binary-expr","locations":[{"start":{"line":126,"column":12},"end":{"line":126,"column":31}},{"start":{"line":126,"column":31},"end":{"line":126,"column":null}}],"line":126},"31":{"loc":{"start":{"line":128,"column":12},"end":{"line":128,"column":null}},"type":"binary-expr","locations":[{"start":{"line":128,"column":12},"end":{"line":128,"column":14}},{"start":{"line":128,"column":12},"end":{"line":128,"column":null}}],"line":128},"32":{"loc":{"start":{"line":134,"column":12},"end":{"line":136,"column":null}},"type":"cond-expr","locations":[{"start":{"line":134,"column":12},"end":{"line":136,"column":null}},{"start":{"line":136,"column":15},"end":{"line":136,"column":null}}],"line":134},"33":{"loc":{"start":{"line":135,"column":12},"end":{"line":135,"column":null}},"type":"binary-expr","locations":[{"start":{"line":135,"column":12},"end":{"line":135,"column":14}},{"start":{"line":135,"column":12},"end":{"line":135,"column":null}}],"line":135}},"s":{"0":7,"1":7,"2":7,"3":7,"4":7,"5":7,"6":7,"7":7,"8":7,"9":7,"10":0,"11":0,"12":0,"13":0,"14":0,"15":0,"16":0,"17":0,"18":0,"19":0,"20":0,"21":0,"22":0,"23":0,"24":0,"25":0,"26":0,"27":0,"28":0,"29":0,"30":0,"31":0,"32":1,"33":1,"34":1,"35":1,"36":1,"37":1,"38":1,"39":1,"40":1,"41":1,"42":1,"43":1,"44":1,"45":1,"46":1,"47":1,"48":7,"49":7,"50":0,"51":7,"52":0,"53":0,"54":0,"55":0,"56":0,"57":0,"58":0,"59":0,"60":0,"61":0,"62":0,"63":7,"64":0,"65":7,"66":0,"67":0},"f":{"0":7,"1":0,"2":0,"3":0,"4":0,"5":0,"6":0,"7":0,"8":0,"9":7,"10":0,"11":7,"12":0,"13":0,"14":0,"15":0,"16":0,"17":0,"18":0,"19":0,"20":0,"21":0,"22":0,"23":7,"24":0,"25":7,"26":0,"27":0},"b":{"0":[0,0,0,0],"1":[0,0],"2":[0,0],"3":[0,0],"4":[7,0],"5":[7,7],"6":[7,7],"7":[0,null],"8":[0,0],"9":[0,7],"10":[0,7],"11":[0,0],"12":[0,null],"13":[0,null],"14":[0,0],"15":[0,0],"16":[0,null],"17":[0,0],"18":[0,null],"19":[0,0],"20":[7,7],"21":[7,7],"22":[7,7],"23":[7,7],"24":[7,7],"25":[7,7],"26":[0,7],"27":[7,7],"28":[0,0],"29":[0,7],"30":[7,0],"31":[0,0],"32":[0,7],"33":[0,0]},"meta":{"lastBranch":0,"lastFunction":0,"lastStatement":0,"seen":{}}}
}
