{"C:\\workspace\\lumia-ops\\client\\src\\components\\common\\Button.vue": {"path":"C:\\workspace\\lumia-ops\\client\\src\\components\\common\\Button.vue","statementMap":{"0":{"start":{"line":2,"column":2},"end":{"line":8,"column":null}},"1":{"start":{"line":5,"column":12},"end":{"line":5,"column":null}}},"fnMap":{"0":{"name":"(anonymous_0)","decl":{"start":{"line":5,"column":10},"end":{"line":5,"column":12}},"loc":{"start":{"line":5,"column":12},"end":{"line":5,"column":null}},"line":5}},"branchMap":{"0":{"loc":{"start":{"line":4,"column":15},"end":{"line":4,"column":null}},"type":"binary-expr","locations":[{"start":{"line":4,"column":15},"end":{"line":4,"column":27}},{"start":{"line":4,"column":27},"end":{"line":4,"column":null}}],"line":4},"1":{"loc":{"start":{"line":5,"column":10},"end":{"line":5,"column":null}},"type":"binary-expr","locations":[{"start":{"line":5,"column":10},"end":{"line":5,"column":12}},{"start":{"line":5,"column":10},"end":{"line":5,"column":null}}],"line":5},"2":{"loc":{"start":{"line":7,"column":16},"end":{"line":8,"column":null}},"type":"cond-expr","locations":[{"start":{"line":7,"column":16},"end":{"line":7,"column":null}},{"start":{"line":7,"column":48},"end":{"line":8,"column":null}}],"line":7}},"s":{"0":13,"1":1},"f":{"0":1},"b":{"0":[13,11],"1":[13,13],"2":[2,11]},"meta":{"lastBranch":0,"lastFunction":0,"lastStatement":0,"seen":{}}}
,"C:\\workspace\\lumia-ops\\client\\src\\components\\common\\Card.vue": {"path":"C:\\workspace\\lumia-ops\\client\\src\\components\\common\\Card.vue","statementMap":{"0":{"start":{"line":6,"column":9},"end":{"line":6,"column":null}},"1":{"start":{"line":2,"column":2},"end":{"line":10,"column":null}}},"fnMap":{},"branchMap":{"0":{"loc":{"start":{"line":3,"column":15},"end":{"line":4,"column":null}},"type":"cond-expr","locations":[{"start":{"line":3,"column":22},"end":{"line":4,"column":null}},{"start":{"line":4,"column":28},"end":{"line":4,"column":null}}],"line":3},"1":{"loc":{"start":{"line":9,"column":15},"end":{"line":10,"column":null}},"type":"cond-expr","locations":[{"start":{"line":9,"column":22},"end":{"line":10,"column":null}},{"start":{"line":10,"column":28},"end":{"line":10,"column":null}}],"line":9}},"s":{"0":1,"1":8},"f":{},"b":{"0":[1,7],"1":[1,7]},"meta":{"lastBranch":0,"lastFunction":0,"lastStatement":0,"seen":{}}}
,"C:\\workspace\\lumia-ops\\client\\src\\components\\common\\Input.vue": {"path":"C:\\workspace\\lumia-ops\\client\\src\\components\\common\\Input.vue","statementMap":{"0":{"start":{"line":8,"column":12},"end":{"line":8,"column":null}}},"fnMap":{"0":{"name":"(anonymous_0)","decl":{"start":{"line":8,"column":10},"end":{"line":8,"column":12}},"loc":{"start":{"line":8,"column":12},"end":{"line":8,"column":null}},"line":8}},"branchMap":{"0":{"loc":{"start":{"line":8,"column":10},"end":{"line":8,"column":null}},"type":"binary-expr","locations":[{"start":{"line":8,"column":10},"end":{"line":8,"column":12}},{"start":{"line":8,"column":10},"end":{"line":8,"column":null}}],"line":8},"1":{"loc":{"start":{"line":10,"column":14},"end":{"line":10,"column":67}},"type":"cond-expr","locations":[{"start":{"line":10,"column":14},"end":{"line":10,"column":67}},{"start":{"line":10,"column":57},"end":{"line":10,"column":67}}],"line":10}},"s":{"0":1},"f":{"0":1},"b":{"0":[10,10],"1":[2,8]},"meta":{"lastBranch":0,"lastFunction":0,"lastStatement":0,"seen":{}}}
,"C:\\workspace\\lumia-ops\\client\\src\\composables\\useToast.ts": {"path":"C:\\workspace\\lumia-ops\\client\\src\\composables\\useToast.ts","statementMap":{"0":{"start":{"line":10,"column":6},"end":{"line":10,"column":null}},"1":{"start":{"line":11,"column":14},"end":{"line":11,"column":null}},"2":{"start":{"line":17,"column":15},"end":{"line":29,"column":null}},"3":{"start":{"line":18,"column":15},"end":{"line":18,"column":null}},"4":{"start":{"line":19,"column":25},"end":{"line":19,"column":null}},"5":{"start":{"line":20,"column":4},"end":{"line":20,"column":null}},"6":{"start":{"line":22,"column":4},"end":{"line":26,"column":null}},"7":{"start":{"line":23,"column":6},"end":{"line":25,"column":null}},"8":{"start":{"line":24,"column":8},"end":{"line":24,"column":null}},"9":{"start":{"line":28,"column":4},"end":{"line":28,"column":null}},"10":{"start":{"line":31,"column":17},"end":{"line":36,"column":null}},"11":{"start":{"line":32,"column":18},"end":{"line":32,"column":null}},"12":{"start":{"line":32,"column":46},"end":{"line":32,"column":57}},"13":{"start":{"line":33,"column":4},"end":{"line":35,"column":null}},"14":{"start":{"line":34,"column":6},"end":{"line":34,"column":null}},"15":{"start":{"line":38,"column":18},"end":{"line":38,"column":null}},"16":{"start":{"line":38,"column":58},"end":{"line":38,"column":null}},"17":{"start":{"line":39,"column":16},"end":{"line":39,"column":null}},"18":{"start":{"line":39,"column":56},"end":{"line":39,"column":null}},"19":{"start":{"line":40,"column":18},"end":{"line":40,"column":null}},"20":{"start":{"line":40,"column":58},"end":{"line":40,"column":null}},"21":{"start":{"line":41,"column":15},"end":{"line":41,"column":null}},"22":{"start":{"line":41,"column":55},"end":{"line":41,"column":null}},"23":{"start":{"line":43,"column":2},"end":{"line":51,"column":null}}},"fnMap":{"0":{"name":"useToast","decl":{"start":{"line":16,"column":16},"end":{"line":16,"column":27}},"loc":{"start":{"line":16,"column":27},"end":{"line":52,"column":null}},"line":16},"1":{"name":"(anonymous_1)","decl":{"start":{"line":17,"column":15},"end":{"line":17,"column":16}},"loc":{"start":{"line":17,"column":83},"end":{"line":29,"column":null}},"line":17},"2":{"name":"(anonymous_2)","decl":{"start":{"line":23,"column":17},"end":{"line":23,"column":23}},"loc":{"start":{"line":23,"column":23},"end":{"line":25,"column":9}},"line":23},"3":{"name":"(anonymous_3)","decl":{"start":{"line":31,"column":17},"end":{"line":31,"column":18}},"loc":{"start":{"line":31,"column":33},"end":{"line":36,"column":null}},"line":31},"4":{"name":"(anonymous_4)","decl":{"start":{"line":32,"column":41},"end":{"line":32,"column":46}},"loc":{"start":{"line":32,"column":46},"end":{"line":32,"column":57}},"line":32},"5":{"name":"(anonymous_5)","decl":{"start":{"line":38,"column":18},"end":{"line":38,"column":19}},"loc":{"start":{"line":38,"column":58},"end":{"line":38,"column":null}},"line":38},"6":{"name":"(anonymous_6)","decl":{"start":{"line":39,"column":16},"end":{"line":39,"column":17}},"loc":{"start":{"line":39,"column":56},"end":{"line":39,"column":null}},"line":39},"7":{"name":"(anonymous_7)","decl":{"start":{"line":40,"column":18},"end":{"line":40,"column":19}},"loc":{"start":{"line":40,"column":58},"end":{"line":40,"column":null}},"line":40},"8":{"name":"(anonymous_8)","decl":{"start":{"line":41,"column":15},"end":{"line":41,"column":16}},"loc":{"start":{"line":41,"column":55},"end":{"line":41,"column":null}},"line":41}},"branchMap":{"0":{"loc":{"start":{"line":17,"column":33},"end":{"line":17,"column":63}},"type":"default-arg","locations":[{"start":{"line":17,"column":55},"end":{"line":17,"column":63}}],"line":17},"1":{"loc":{"start":{"line":17,"column":63},"end":{"line":17,"column":83}},"type":"default-arg","locations":[{"start":{"line":17,"column":74},"end":{"line":17,"column":83}}],"line":17},"2":{"loc":{"start":{"line":22,"column":4},"end":{"line":26,"column":null}},"type":"if","locations":[{"start":{"line":22,"column":4},"end":{"line":26,"column":null}},{"start":{},"end":{}}],"line":22},"3":{"loc":{"start":{"line":33,"column":4},"end":{"line":35,"column":null}},"type":"if","locations":[{"start":{"line":33,"column":4},"end":{"line":35,"column":null}},{"start":{},"end":{}}],"line":33}},"s":{"0":1,"1":1,"2":8,"3":8,"4":8,"5":8,"6":8,"7":1,"8":1,"9":8,"10":8,"11":8,"12":8,"13":8,"14":8,"15":8,"16":1,"17":8,"18":1,"19":8,"20":1,"21":8,"22":1,"23":8},"f":{"0":8,"1":8,"2":1,"3":8,"4":8,"5":1,"6":1,"7":1,"8":1},"b":{"0":[8],"1":[8],"2":[1,7],"3":[8,0]},"meta":{"lastBranch":4,"lastFunction":9,"lastStatement":24,"seen":{"s:10:6:10:Infinity":0,"s:11:14:11:Infinity":1,"f:16:16:16:27":0,"s:17:15:29:Infinity":2,"f:17:15:17:16":1,"b:17:55:17:63":0,"b:17:74:17:83":1,"s:18:15:18:Infinity":3,"s:19:25:19:Infinity":4,"s:20:4:20:Infinity":5,"b:22:4:26:Infinity:undefined:undefined:undefined:undefined":2,"s:22:4:26:Infinity":6,"s:23:6:25:Infinity":7,"f:23:17:23:23":2,"s:24:8:24:Infinity":8,"s:28:4:28:Infinity":9,"s:31:17:36:Infinity":10,"f:31:17:31:18":3,"s:32:18:32:Infinity":11,"f:32:41:32:46":4,"s:32:46:32:57":12,"b:33:4:35:Infinity:undefined:undefined:undefined:undefined":3,"s:33:4:35:Infinity":13,"s:34:6:34:Infinity":14,"s:38:18:38:Infinity":15,"f:38:18:38:19":5,"s:38:58:38:Infinity":16,"s:39:16:39:Infinity":17,"f:39:16:39:17":6,"s:39:56:39:Infinity":18,"s:40:18:40:Infinity":19,"f:40:18:40:19":7,"s:40:58:40:Infinity":20,"s:41:15:41:Infinity":21,"f:41:15:41:16":8,"s:41:55:41:Infinity":22,"s:43:2:51:Infinity":23}}}
,"C:\\workspace\\lumia-ops\\client\\src\\stores\\user.ts": {"path":"C:\\workspace\\lumia-ops\\client\\src\\stores\\user.ts","statementMap":{"0":{"start":{"line":11,"column":13},"end":{"line":50,"column":null}},"1":{"start":{"line":12,"column":8},"end":{"line":12,"column":null}},"2":{"start":{"line":13,"column":8},"end":{"line":13,"column":null}},"3":{"start":{"line":15,"column":8},"end":{"line":15,"column":null}},"4":{"start":{"line":15,"column":36},"end":{"line":15,"column":48}},"5":{"start":{"line":16,"column":8},"end":{"line":16,"column":null}},"6":{"start":{"line":16,"column":33},"end":{"line":16,"column":53}},"7":{"start":{"line":19,"column":4},"end":{"line":19,"column":null}},"8":{"start":{"line":23,"column":4},"end":{"line":23,"column":null}},"9":{"start":{"line":24,"column":4},"end":{"line":24,"column":null}},"10":{"start":{"line":28,"column":4},"end":{"line":28,"column":null}},"11":{"start":{"line":29,"column":4},"end":{"line":29,"column":null}},"12":{"start":{"line":30,"column":4},"end":{"line":30,"column":null}},"13":{"start":{"line":34,"column":23},"end":{"line":34,"column":null}},"14":{"start":{"line":35,"column":4},"end":{"line":37,"column":null}},"15":{"start":{"line":36,"column":6},"end":{"line":36,"column":null}},"16":{"start":{"line":40,"column":2},"end":{"line":49,"column":null}}},"fnMap":{"0":{"name":"(anonymous_0)","decl":{"start":{"line":11,"column":48},"end":{"line":11,"column":54}},"loc":{"start":{"line":11,"column":54},"end":{"line":50,"column":1}},"line":11},"1":{"name":"(anonymous_1)","decl":{"start":{"line":15,"column":30},"end":{"line":15,"column":36}},"loc":{"start":{"line":15,"column":36},"end":{"line":15,"column":48}},"line":15},"2":{"name":"(anonymous_2)","decl":{"start":{"line":16,"column":27},"end":{"line":16,"column":33}},"loc":{"start":{"line":16,"column":33},"end":{"line":16,"column":53}},"line":16},"3":{"name":"setUser","decl":{"start":{"line":18,"column":11},"end":{"line":18,"column":19}},"loc":{"start":{"line":18,"column":34},"end":{"line":20,"column":null}},"line":18},"4":{"name":"setToken","decl":{"start":{"line":22,"column":11},"end":{"line":22,"column":20}},"loc":{"start":{"line":22,"column":38},"end":{"line":25,"column":null}},"line":22},"5":{"name":"logout","decl":{"start":{"line":27,"column":11},"end":{"line":27,"column":20}},"loc":{"start":{"line":27,"column":20},"end":{"line":31,"column":null}},"line":27},"6":{"name":"loadToken","decl":{"start":{"line":33,"column":11},"end":{"line":33,"column":23}},"loc":{"start":{"line":33,"column":23},"end":{"line":38,"column":null}},"line":33}},"branchMap":{"0":{"loc":{"start":{"line":35,"column":4},"end":{"line":37,"column":null}},"type":"if","locations":[{"start":{"line":35,"column":4},"end":{"line":37,"column":null}},{"start":{},"end":{}}],"line":35}},"s":{"0":1,"1":9,"2":9,"3":9,"4":3,"5":9,"6":2,"7":3,"8":2,"9":2,"10":1,"11":1,"12":1,"13":2,"14":2,"15":1,"16":9},"f":{"0":9,"1":3,"2":2,"3":3,"4":2,"5":1,"6":2},"b":{"0":[1,1]},"meta":{"lastBranch":1,"lastFunction":7,"lastStatement":17,"seen":{"s:11:13:50:Infinity":0,"f:11:48:11:54":0,"s:12:8:12:Infinity":1,"s:13:8:13:Infinity":2,"s:15:8:15:Infinity":3,"f:15:30:15:36":1,"s:15:36:15:48":4,"s:16:8:16:Infinity":5,"f:16:27:16:33":2,"s:16:33:16:53":6,"f:18:11:18:19":3,"s:19:4:19:Infinity":7,"f:22:11:22:20":4,"s:23:4:23:Infinity":8,"s:24:4:24:Infinity":9,"f:27:11:27:20":5,"s:28:4:28:Infinity":10,"s:29:4:29:Infinity":11,"s:30:4:30:Infinity":12,"f:33:11:33:23":6,"s:34:23:34:Infinity":13,"b:35:4:37:Infinity:undefined:undefined:undefined:undefined":0,"s:35:4:37:Infinity":14,"s:36:6:36:Infinity":15,"s:40:2:49:Infinity":16}}}
,"C:\\workspace\\lumia-ops\\client\\src\\utils\\formatters.ts": {"path":"C:\\workspace\\lumia-ops\\client\\src\\utils\\formatters.ts","statementMap":{"0":{"start":{"line":9,"column":15},"end":{"line":9,"column":null}},"1":{"start":{"line":10,"column":2},"end":{"line":14,"column":null}},"2":{"start":{"line":21,"column":15},"end":{"line":21,"column":null}},"3":{"start":{"line":22,"column":2},"end":{"line":28,"column":null}},"4":{"start":{"line":35,"column":15},"end":{"line":35,"column":null}},"5":{"start":{"line":36,"column":14},"end":{"line":36,"column":null}},"6":{"start":{"line":37,"column":17},"end":{"line":37,"column":null}},"7":{"start":{"line":38,"column":18},"end":{"line":38,"column":null}},"8":{"start":{"line":39,"column":18},"end":{"line":39,"column":null}},"9":{"start":{"line":40,"column":19},"end":{"line":40,"column":null}},"10":{"start":{"line":41,"column":18},"end":{"line":41,"column":null}},"11":{"start":{"line":43,"column":2},"end":{"line":43,"column":null}},"12":{"start":{"line":43,"column":20},"end":{"line":43,"column":null}},"13":{"start":{"line":44,"column":2},"end":{"line":44,"column":null}},"14":{"start":{"line":44,"column":20},"end":{"line":44,"column":null}},"15":{"start":{"line":45,"column":2},"end":{"line":45,"column":null}},"16":{"start":{"line":45,"column":21},"end":{"line":45,"column":null}},"17":{"start":{"line":46,"column":2},"end":{"line":46,"column":null}},"18":{"start":{"line":46,"column":19},"end":{"line":46,"column":null}},"19":{"start":{"line":47,"column":2},"end":{"line":47,"column":null}}},"fnMap":{"0":{"name":"formatDate","decl":{"start":{"line":8,"column":16},"end":{"line":8,"column":27}},"loc":{"start":{"line":8,"column":55},"end":{"line":15,"column":null}},"line":8},"1":{"name":"formatDateTime","decl":{"start":{"line":20,"column":16},"end":{"line":20,"column":31}},"loc":{"start":{"line":20,"column":59},"end":{"line":29,"column":null}},"line":20},"2":{"name":"formatRelativeTime","decl":{"start":{"line":34,"column":16},"end":{"line":34,"column":35}},"loc":{"start":{"line":34,"column":63},"end":{"line":48,"column":null}},"line":34}},"branchMap":{"0":{"loc":{"start":{"line":43,"column":2},"end":{"line":43,"column":null}},"type":"if","locations":[{"start":{"line":43,"column":2},"end":{"line":43,"column":null}},{"start":{},"end":{}}],"line":43},"1":{"loc":{"start":{"line":44,"column":2},"end":{"line":44,"column":null}},"type":"if","locations":[{"start":{"line":44,"column":2},"end":{"line":44,"column":null}},{"start":{},"end":{}}],"line":44},"2":{"loc":{"start":{"line":45,"column":2},"end":{"line":45,"column":null}},"type":"if","locations":[{"start":{"line":45,"column":2},"end":{"line":45,"column":null}},{"start":{},"end":{}}],"line":45},"3":{"loc":{"start":{"line":46,"column":2},"end":{"line":46,"column":null}},"type":"if","locations":[{"start":{"line":46,"column":2},"end":{"line":46,"column":null}},{"start":{},"end":{}}],"line":46}},"s":{"0":3,"1":3,"2":1,"3":1,"4":5,"5":5,"6":5,"7":5,"8":5,"9":5,"10":5,"11":5,"12":1,"13":4,"14":4,"15":3,"16":3,"17":2,"18":2,"19":1},"f":{"0":3,"1":1,"2":5},"b":{"0":[1,4],"1":[1,3],"2":[1,2],"3":[1,1]},"meta":{"lastBranch":4,"lastFunction":3,"lastStatement":20,"seen":{"f:8:16:8:27":0,"s:9:15:9:Infinity":0,"s:10:2:14:Infinity":1,"f:20:16:20:31":1,"s:21:15:21:Infinity":2,"s:22:2:28:Infinity":3,"f:34:16:34:35":2,"s:35:15:35:Infinity":4,"s:36:14:36:Infinity":5,"s:37:17:37:Infinity":6,"s:38:18:38:Infinity":7,"s:39:18:39:Infinity":8,"s:40:19:40:Infinity":9,"s:41:18:41:Infinity":10,"b:43:2:43:Infinity:undefined:undefined:undefined:undefined":0,"s:43:2:43:Infinity":11,"s:43:20:43:Infinity":12,"b:44:2:44:Infinity:undefined:undefined:undefined:undefined":1,"s:44:2:44:Infinity":13,"s:44:20:44:Infinity":14,"b:45:2:45:Infinity:undefined:undefined:undefined:undefined":2,"s:45:2:45:Infinity":15,"s:45:21:45:Infinity":16,"b:46:2:46:Infinity:undefined:undefined:undefined:undefined":3,"s:46:2:46:Infinity":17,"s:46:19:46:Infinity":18,"s:47:2:47:Infinity":19}}}
}
